2019-06-30 16:48:00,058 INFO [NACOS-PUSH] clientMap size: 0

2019-06-30 16:48:20,059 INFO [NACOS-PUSH] clientMap size: 0

2019-06-30 16:48:40,061 INFO [NACOS-PUSH] clientMap size: 0

2019-06-30 16:49:00,061 INFO [NACOS-PUSH] clientMap size: 0

2019-06-30 16:49:20,062 INFO [NACOS-PUSH] clientMap size: 0

2019-06-30 16:49:40,063 INFO [NACOS-PUSH] clientMap size: 0

2019-06-30 16:50:00,065 INFO [NACOS-PUSH] clientMap size: 0

2019-06-30 16:50:20,066 INFO [NACOS-PUSH] clientMap size: 0

2019-06-30 16:50:40,068 INFO [NACOS-PUSH] clientMap size: 0

2019-06-30 16:51:00,069 INFO [NACOS-PUSH] clientMap size: 0

2019-06-30 16:51:20,070 INFO [NACOS-PUSH] clientMap size: 0

2019-06-30 16:51:40,072 INFO [NACOS-PUSH] clientMap size: 0

2019-06-30 16:52:00,077 INFO [NACOS-PUSH] clientMap size: 0

2019-06-30 16:52:20,078 INFO [NACOS-PUSH] clientMap size: 0

2019-06-30 16:52:40,080 INFO [NACOS-PUSH] clientMap size: 0

2019-06-30 16:53:00,080 INFO [NACOS-PUSH] clientMap size: 0

2019-06-30 16:53:20,081 INFO [NACOS-PUSH] clientMap size: 0

2019-06-30 16:53:40,082 INFO [NACOS-PUSH] clientMap size: 0

2019-06-30 16:54:00,084 INFO [NACOS-PUSH] clientMap size: 0

2019-06-30 16:54:20,085 INFO [NACOS-PUSH] clientMap size: 0

2019-06-30 16:54:40,089 INFO [NACOS-PUSH] clientMap size: 0

2019-06-30 16:55:00,090 INFO [NACOS-PUSH] clientMap size: 0

2019-06-30 16:55:20,090 INFO [NACOS-PUSH] clientMap size: 0

2019-06-30 16:55:40,091 INFO [NACOS-PUSH] clientMap size: 0

2019-06-30 16:56:00,092 INFO [NACOS-PUSH] clientMap size: 0

2019-06-30 16:56:20,093 INFO [NACOS-PUSH] clientMap size: 0

2019-06-30 16:56:40,094 INFO [NACOS-PUSH] clientMap size: 0

2019-06-30 16:57:00,096 INFO [NACOS-PUSH] clientMap size: 0

2019-06-30 16:57:20,097 INFO [NACOS-PUSH] clientMap size: 0

2019-06-30 16:57:40,098 INFO [NACOS-PUSH] clientMap size: 0

2019-06-30 16:58:00,099 INFO [NACOS-PUSH] clientMap size: 0

2019-06-30 16:58:20,100 INFO [NACOS-PUSH] clientMap size: 0

2019-06-30 16:58:40,101 INFO [NACOS-PUSH] clientMap size: 0

2019-06-30 16:59:00,101 INFO [NACOS-PUSH] clientMap size: 0

2019-06-30 16:59:20,102 INFO [NACOS-PUSH] clientMap size: 0

2019-06-30 16:59:40,104 INFO [NACOS-PUSH] clientMap size: 0

2019-06-30 17:00:00,104 INFO [NACOS-PUSH] clientMap size: 0

2019-06-30 17:00:20,105 INFO [NACOS-PUSH] clientMap size: 0

2019-06-30 17:00:40,107 INFO [NACOS-PUSH] clientMap size: 0

2019-06-30 17:01:00,108 INFO [NACOS-PUSH] clientMap size: 0

2019-06-30 17:01:20,109 INFO [NACOS-PUSH] clientMap size: 0

2019-06-30 17:01:40,109 INFO [NACOS-PUSH] clientMap size: 0

2019-06-30 17:02:00,111 INFO [NACOS-PUSH] clientMap size: 0

2019-06-30 17:02:20,112 INFO [NACOS-PUSH] clientMap size: 0

2019-06-30 17:02:40,114 INFO [NACOS-PUSH] clientMap size: 0

2019-06-30 17:03:00,116 INFO [NACOS-PUSH] clientMap size: 0

2019-06-30 17:03:20,116 INFO [NACOS-PUSH] clientMap size: 0

2019-06-30 17:03:40,117 INFO [NACOS-PUSH] clientMap size: 0

2019-06-30 17:04:00,119 INFO [NACOS-PUSH] clientMap size: 0

2019-06-30 17:04:20,121 INFO [NACOS-PUSH] clientMap size: 0

2019-06-30 17:04:40,122 INFO [NACOS-PUSH] clientMap size: 0

2019-06-30 17:05:00,123 INFO [NACOS-PUSH] clientMap size: 0

2019-06-30 17:05:20,125 INFO [NACOS-PUSH] clientMap size: 0

2019-06-30 17:05:40,127 INFO [NACOS-PUSH] clientMap size: 0

2019-06-30 17:06:00,128 INFO [NACOS-PUSH] clientMap size: 0

2019-06-30 17:06:20,130 INFO [NACOS-PUSH] clientMap size: 0

2019-06-30 17:06:40,130 INFO [NACOS-PUSH] clientMap size: 0

2019-06-30 17:07:00,131 INFO [NACOS-PUSH] clientMap size: 0

2019-06-30 17:07:20,132 INFO [NACOS-PUSH] clientMap size: 0

2019-06-30 17:07:40,133 INFO [NACOS-PUSH] clientMap size: 0

2019-06-30 17:08:00,133 INFO [NACOS-PUSH] clientMap size: 0

2019-06-30 17:08:20,135 INFO [NACOS-PUSH] clientMap size: 0

2019-06-30 17:08:40,137 INFO [NACOS-PUSH] clientMap size: 0

2019-06-30 17:09:00,139 INFO [NACOS-PUSH] clientMap size: 0

2019-06-30 17:09:20,139 INFO [NACOS-PUSH] clientMap size: 0

2019-06-30 17:09:40,140 INFO [NACOS-PUSH] clientMap size: 0

2019-06-30 17:10:00,141 INFO [NACOS-PUSH] clientMap size: 0

2019-06-30 17:10:20,142 INFO [NACOS-PUSH] clientMap size: 0

2019-06-30 17:10:40,144 INFO [NACOS-PUSH] clientMap size: 0

2019-06-30 17:11:00,145 INFO [NACOS-PUSH] clientMap size: 0

2019-06-30 17:11:20,146 INFO [NACOS-PUSH] clientMap size: 0

2019-06-30 17:11:40,146 INFO [NACOS-PUSH] clientMap size: 0

2019-06-30 17:12:00,146 INFO [NACOS-PUSH] clientMap size: 0

2019-06-30 17:12:20,147 INFO [NACOS-PUSH] clientMap size: 0

2019-06-30 17:12:40,149 INFO [NACOS-PUSH] clientMap size: 0

2019-06-30 17:13:00,150 INFO [NACOS-PUSH] clientMap size: 0

2019-06-30 17:13:20,151 INFO [NACOS-PUSH] clientMap size: 0

2019-06-30 17:13:40,156 INFO [NACOS-PUSH] clientMap size: 0

2019-06-30 17:14:00,157 INFO [NACOS-PUSH] clientMap size: 0

2019-06-30 17:14:20,159 INFO [NACOS-PUSH] clientMap size: 0

2019-06-30 17:14:40,161 INFO [NACOS-PUSH] clientMap size: 0

2019-06-30 17:15:00,161 INFO [NACOS-PUSH] clientMap size: 0

2019-06-30 17:15:20,163 INFO [NACOS-PUSH] clientMap size: 0

2019-06-30 17:15:40,164 INFO [NACOS-PUSH] clientMap size: 0

2019-06-30 17:16:00,166 INFO [NACOS-PUSH] clientMap size: 0

2019-06-30 17:16:20,167 INFO [NACOS-PUSH] clientMap size: 0

2019-06-30 17:16:40,168 INFO [NACOS-PUSH] clientMap size: 0

2019-06-30 17:17:00,170 INFO [NACOS-PUSH] clientMap size: 0

2019-06-30 17:17:20,170 INFO [NACOS-PUSH] clientMap size: 0

2019-06-30 17:17:40,171 INFO [NACOS-PUSH] clientMap size: 0

2019-06-30 17:18:00,172 INFO [NACOS-PUSH] clientMap size: 0

2019-06-30 17:18:20,173 INFO [NACOS-PUSH] clientMap size: 0

2019-06-30 17:18:40,175 INFO [NACOS-PUSH] clientMap size: 0

2019-06-30 17:19:00,176 INFO [NACOS-PUSH] clientMap size: 0

2019-06-30 17:19:20,177 INFO [NACOS-PUSH] clientMap size: 0

2019-06-30 17:19:40,179 INFO [NACOS-PUSH] clientMap size: 0

2019-06-30 17:20:00,181 INFO [NACOS-PUSH] clientMap size: 0

2019-06-30 17:20:20,182 INFO [NACOS-PUSH] clientMap size: 0

2019-06-30 17:20:40,183 INFO [NACOS-PUSH] clientMap size: 0

2019-06-30 17:21:00,185 INFO [NACOS-PUSH] clientMap size: 0

2019-06-30 17:21:20,186 INFO [NACOS-PUSH] clientMap size: 0

2019-06-30 17:21:40,187 INFO [NACOS-PUSH] clientMap size: 0

2019-06-30 17:22:00,188 INFO [NACOS-PUSH] clientMap size: 0

2019-06-30 17:22:20,190 INFO [NACOS-PUSH] clientMap size: 0

2019-06-30 17:22:40,190 INFO [NACOS-PUSH] clientMap size: 0

2019-06-30 17:23:00,191 INFO [NACOS-PUSH] clientMap size: 0

2019-06-30 17:23:20,193 INFO [NACOS-PUSH] clientMap size: 0

2019-06-30 17:23:40,194 INFO [NACOS-PUSH] clientMap size: 0

2019-06-30 17:24:00,194 INFO [NACOS-PUSH] clientMap size: 0

2019-06-30 17:24:20,194 INFO [NACOS-PUSH] clientMap size: 0

2019-06-30 17:24:40,197 INFO [NACOS-PUSH] clientMap size: 0

2019-06-30 17:25:00,199 INFO [NACOS-PUSH] clientMap size: 0

2019-06-30 17:25:20,200 INFO [NACOS-PUSH] clientMap size: 0

2019-06-30 17:25:40,201 INFO [NACOS-PUSH] clientMap size: 0

2019-06-30 17:26:00,202 INFO [NACOS-PUSH] clientMap size: 0

2019-06-30 17:26:20,202 INFO [NACOS-PUSH] clientMap size: 0

2019-06-30 17:26:40,203 INFO [NACOS-PUSH] clientMap size: 0

2019-06-30 17:27:00,219 INFO [NACOS-PUSH] clientMap size: 0

2019-06-30 17:27:20,220 INFO [NACOS-PUSH] clientMap size: 0

2019-06-30 17:27:40,222 INFO [NACOS-PUSH] clientMap size: 0

2019-06-30 17:28:00,224 INFO [NACOS-PUSH] clientMap size: 0

2019-06-30 17:28:20,225 INFO [NACOS-PUSH] clientMap size: 0

2019-06-30 17:28:40,226 INFO [NACOS-PUSH] clientMap size: 0

2019-06-30 17:29:00,228 INFO [NACOS-PUSH] clientMap size: 0

2019-06-30 17:29:20,228 INFO [NACOS-PUSH] clientMap size: 0

2019-06-30 17:29:40,229 INFO [NACOS-PUSH] clientMap size: 0

2019-06-30 17:30:00,230 INFO [NACOS-PUSH] clientMap size: 0

2019-06-30 17:30:20,231 INFO [NACOS-PUSH] clientMap size: 0

2019-06-30 17:30:40,232 INFO [NACOS-PUSH] clientMap size: 0

2019-06-30 17:31:00,232 INFO [NACOS-PUSH] clientMap size: 0

2019-06-30 17:31:20,232 INFO [NACOS-PUSH] clientMap size: 0

2019-06-30 17:31:40,233 INFO [NACOS-PUSH] clientMap size: 0

2019-06-30 17:32:00,234 INFO [NACOS-PUSH] clientMap size: 0

2019-06-30 17:32:20,236 INFO [NACOS-PUSH] clientMap size: 0

2019-06-30 17:32:40,237 INFO [NACOS-PUSH] clientMap size: 0

2019-06-30 17:33:00,237 INFO [NACOS-PUSH] clientMap size: 0

2019-06-30 17:33:20,238 INFO [NACOS-PUSH] clientMap size: 0

2019-06-30 17:33:40,239 INFO [NACOS-PUSH] clientMap size: 0

2019-06-30 17:34:00,239 INFO [NACOS-PUSH] clientMap size: 0

2019-06-30 17:34:20,240 INFO [NACOS-PUSH] clientMap size: 0

2019-06-30 17:34:40,241 INFO [NACOS-PUSH] clientMap size: 0

2019-06-30 17:35:00,243 INFO [NACOS-PUSH] clientMap size: 0

2019-06-30 17:35:20,245 INFO [NACOS-PUSH] clientMap size: 0

2019-06-30 17:35:40,245 INFO [NACOS-PUSH] clientMap size: 0

2019-06-30 17:36:00,247 INFO [NACOS-PUSH] clientMap size: 0

2019-06-30 17:36:20,248 INFO [NACOS-PUSH] clientMap size: 0

2019-06-30 17:36:40,250 INFO [NACOS-PUSH] clientMap size: 0

2019-06-30 17:37:00,251 INFO [NACOS-PUSH] clientMap size: 0

2019-06-30 17:37:20,252 INFO [NACOS-PUSH] clientMap size: 0

2019-06-30 17:37:40,253 INFO [NACOS-PUSH] clientMap size: 0

2019-06-30 17:38:00,254 INFO [NACOS-PUSH] clientMap size: 0

2019-06-30 17:38:20,255 INFO [NACOS-PUSH] clientMap size: 0

2019-06-30 17:38:40,256 INFO [NACOS-PUSH] clientMap size: 0

2019-06-30 17:39:00,257 INFO [NACOS-PUSH] clientMap size: 0

2019-06-30 17:39:20,258 INFO [NACOS-PUSH] clientMap size: 0

2019-06-30 17:39:40,259 INFO [NACOS-PUSH] clientMap size: 0

2019-06-30 17:40:00,261 INFO [NACOS-PUSH] clientMap size: 0

2019-06-30 17:40:20,261 INFO [NACOS-PUSH] clientMap size: 0

2019-06-30 17:40:40,261 INFO [NACOS-PUSH] clientMap size: 0

2019-06-30 17:41:00,262 INFO [NACOS-PUSH] clientMap size: 0

2019-06-30 17:41:20,263 INFO [NACOS-PUSH] clientMap size: 0

2019-06-30 17:41:40,264 INFO [NACOS-PUSH] clientMap size: 0

2019-06-30 17:42:00,266 INFO [NACOS-PUSH] clientMap size: 0

2019-06-30 17:42:20,267 INFO [NACOS-PUSH] clientMap size: 0

2019-06-30 17:42:40,268 INFO [NACOS-PUSH] clientMap size: 0

2019-06-30 17:43:00,269 INFO [NACOS-PUSH] clientMap size: 0

2019-06-30 17:43:20,270 INFO [NACOS-PUSH] clientMap size: 0

2019-06-30 17:43:40,272 INFO [NACOS-PUSH] clientMap size: 0

2019-06-30 17:44:00,274 INFO [NACOS-PUSH] clientMap size: 0

2019-06-30 17:44:20,276 INFO [NACOS-PUSH] clientMap size: 0

2019-06-30 17:44:40,277 INFO [NACOS-PUSH] clientMap size: 0

2019-06-30 17:45:00,278 INFO [NACOS-PUSH] clientMap size: 0

2019-06-30 17:45:20,278 INFO [NACOS-PUSH] clientMap size: 0

2019-06-30 17:45:40,278 INFO [NACOS-PUSH] clientMap size: 0

2019-06-30 17:46:00,279 INFO [NACOS-PUSH] clientMap size: 0

2019-06-30 17:46:20,280 INFO [NACOS-PUSH] clientMap size: 0

2019-06-30 17:46:40,281 INFO [NACOS-PUSH] clientMap size: 0

2019-06-30 17:47:00,281 INFO [NACOS-PUSH] clientMap size: 0

2019-06-30 17:47:20,283 INFO [NACOS-PUSH] clientMap size: 0

2019-06-30 17:47:40,284 INFO [NACOS-PUSH] clientMap size: 0

2019-06-30 17:48:00,285 INFO [NACOS-PUSH] clientMap size: 0

2019-06-30 17:48:20,287 INFO [NACOS-PUSH] clientMap size: 0

2019-06-30 17:48:40,287 INFO [NACOS-PUSH] clientMap size: 0

2019-06-30 17:49:00,289 INFO [NACOS-PUSH] clientMap size: 0

2019-06-30 17:49:20,289 INFO [NACOS-PUSH] clientMap size: 0

2019-06-30 17:49:40,291 INFO [NACOS-PUSH] clientMap size: 0

2019-06-30 17:50:00,292 INFO [NACOS-PUSH] clientMap size: 0

2019-06-30 17:50:20,292 INFO [NACOS-PUSH] clientMap size: 0

2019-06-30 17:50:40,293 INFO [NACOS-PUSH] clientMap size: 0

2019-06-30 17:51:00,295 INFO [NACOS-PUSH] clientMap size: 0

2019-06-30 17:51:20,296 INFO [NACOS-PUSH] clientMap size: 0

2019-06-30 17:51:40,297 INFO [NACOS-PUSH] clientMap size: 0

2019-06-30 17:52:00,298 INFO [NACOS-PUSH] clientMap size: 0

2019-06-30 17:52:20,299 INFO [NACOS-PUSH] clientMap size: 0

2019-06-30 17:52:40,300 INFO [NACOS-PUSH] clientMap size: 0

2019-06-30 17:53:00,301 INFO [NACOS-PUSH] clientMap size: 0

2019-06-30 17:53:20,303 INFO [NACOS-PUSH] clientMap size: 0

2019-06-30 17:53:40,305 INFO [NACOS-PUSH] clientMap size: 0

2019-06-30 17:54:00,305 INFO [NACOS-PUSH] clientMap size: 0

2019-06-30 17:54:20,307 INFO [NACOS-PUSH] clientMap size: 0

2019-06-30 17:54:40,307 INFO [NACOS-PUSH] clientMap size: 0

2019-06-30 17:55:00,308 INFO [NACOS-PUSH] clientMap size: 0

2019-07-01 17:06:57,533 INFO [NACOS-PUSH] clientMap size: 0

2019-07-01 17:07:17,534 INFO [NACOS-PUSH] clientMap size: 0

2019-07-01 17:07:37,535 INFO [NACOS-PUSH] clientMap size: 0

2019-07-01 17:07:38,592 INFO DEFAULT_GROUP@@blog-provider is changed, add it to push queue.

2019-07-01 17:07:57,537 INFO [NACOS-PUSH] clientMap size: 0

2019-07-01 17:08:17,538 INFO [NACOS-PUSH] clientMap size: 1

2019-07-01 17:08:37,539 INFO [NACOS-PUSH] clientMap size: 1

2019-07-01 17:08:57,541 INFO [NACOS-PUSH] clientMap size: 1

2019-07-01 17:09:17,543 INFO [NACOS-PUSH] clientMap size: 1

2019-07-01 17:09:37,544 INFO [NACOS-PUSH] clientMap size: 1

2019-07-01 17:09:57,545 INFO [NACOS-PUSH] clientMap size: 1

2019-07-01 17:10:17,547 INFO [NACOS-PUSH] clientMap size: 1

2019-07-01 17:10:21,161 INFO DEFAULT_GROUP@@blog-provider is changed, add it to push queue.

2019-07-01 17:10:21,161 INFO serviceName: DEFAULT_GROUP@@blog-provider changed, schedule push for: 172.16.0.138:50736, agent: Nacos-Java-Client:v1.0.0, key: 172.16.0.138,50736,288117151084200

2019-07-01 17:10:21,161 INFO send udp packet: 172.16.0.138,50736,288117151084200

2019-07-01 17:10:31,163 INFO retry to push data, key: 172.16.0.138,50736,288117151084200

2019-07-01 17:10:31,163 INFO send udp packet: 172.16.0.138,50736,288117151084200

2019-07-01 17:10:37,547 INFO [NACOS-PUSH] clientMap size: 0

2019-07-01 17:10:41,166 INFO retry to push data, key: 172.16.0.138,50736,288117151084200

2019-07-01 17:10:41,166 WARN max re-push times reached, retry times 2, key: 172.16.0.138,50736,288117151084200

2019-07-01 17:10:57,549 INFO [NACOS-PUSH] clientMap size: 0

2019-07-01 17:11:17,550 INFO [NACOS-PUSH] clientMap size: 0

2019-07-01 17:11:37,552 INFO [NACOS-PUSH] clientMap size: 0

2019-07-01 17:11:57,557 INFO [NACOS-PUSH] clientMap size: 0

2019-07-01 17:12:17,559 INFO [NACOS-PUSH] clientMap size: 0

2019-07-01 17:12:37,560 INFO [NACOS-PUSH] clientMap size: 0

2019-07-01 17:12:57,561 INFO [NACOS-PUSH] clientMap size: 0

2019-07-01 17:13:17,562 INFO [NACOS-PUSH] clientMap size: 0

2019-07-01 17:13:37,563 INFO [NACOS-PUSH] clientMap size: 0

2019-07-01 17:13:57,565 INFO [NACOS-PUSH] clientMap size: 0

2019-07-01 17:14:17,565 INFO [NACOS-PUSH] clientMap size: 0

2019-07-01 17:14:37,566 INFO [NACOS-PUSH] clientMap size: 0

2019-07-01 17:14:57,568 INFO [NACOS-PUSH] clientMap size: 0

2019-07-01 17:15:17,569 INFO [NACOS-PUSH] clientMap size: 0

2019-07-01 17:15:37,571 INFO [NACOS-PUSH] clientMap size: 0

2019-07-01 17:15:57,573 INFO [NACOS-PUSH] clientMap size: 0

2019-07-01 17:16:17,660 INFO [NACOS-PUSH] clientMap size: 0

2019-07-01 17:16:37,706 INFO [NACOS-PUSH] clientMap size: 0

2019-07-01 17:16:57,707 INFO [NACOS-PUSH] clientMap size: 0

2019-07-01 17:17:17,709 INFO [NACOS-PUSH] clientMap size: 0

2019-07-01 17:17:37,710 INFO [NACOS-PUSH] clientMap size: 0

2019-07-01 17:17:57,712 INFO [NACOS-PUSH] clientMap size: 0

2019-07-01 17:18:17,714 INFO [NACOS-PUSH] clientMap size: 0

2019-07-01 17:18:37,716 INFO [NACOS-PUSH] clientMap size: 0

2019-07-01 17:18:57,717 INFO [NACOS-PUSH] clientMap size: 0

2019-07-01 17:19:17,719 INFO [NACOS-PUSH] clientMap size: 0

2019-07-01 17:19:37,721 INFO [NACOS-PUSH] clientMap size: 0

2019-07-01 17:19:57,722 INFO [NACOS-PUSH] clientMap size: 0

2019-07-01 17:20:17,724 INFO [NACOS-PUSH] clientMap size: 0

2019-07-01 17:20:37,724 INFO [NACOS-PUSH] clientMap size: 0

2019-07-01 17:20:57,726 INFO [NACOS-PUSH] clientMap size: 0

2019-07-01 17:21:17,728 INFO [NACOS-PUSH] clientMap size: 0

2019-07-01 17:21:37,729 INFO [NACOS-PUSH] clientMap size: 0

2019-07-01 17:21:57,730 INFO [NACOS-PUSH] clientMap size: 0

2019-07-01 17:22:17,732 INFO [NACOS-PUSH] clientMap size: 0

2019-07-01 17:22:37,733 INFO [NACOS-PUSH] clientMap size: 0

2019-07-01 17:22:57,734 INFO [NACOS-PUSH] clientMap size: 0

2019-07-01 17:23:17,735 INFO [NACOS-PUSH] clientMap size: 0

2019-07-01 17:23:37,736 INFO [NACOS-PUSH] clientMap size: 0

2019-07-01 17:23:57,737 INFO [NACOS-PUSH] clientMap size: 0

2019-07-01 17:24:17,737 INFO [NACOS-PUSH] clientMap size: 0

2019-07-01 17:24:37,738 INFO [NACOS-PUSH] clientMap size: 0

2019-07-01 17:24:57,740 INFO [NACOS-PUSH] clientMap size: 0

2019-07-01 17:25:17,741 INFO [NACOS-PUSH] clientMap size: 0

2019-07-01 17:25:37,743 INFO [NACOS-PUSH] clientMap size: 0

2019-07-01 17:25:57,744 INFO [NACOS-PUSH] clientMap size: 0

2019-07-01 17:26:17,745 INFO [NACOS-PUSH] clientMap size: 0

2019-07-01 17:26:37,745 INFO [NACOS-PUSH] clientMap size: 0

2019-07-01 17:26:57,746 INFO [NACOS-PUSH] clientMap size: 0

2019-07-01 17:27:17,748 INFO [NACOS-PUSH] clientMap size: 0

2019-07-01 17:27:37,749 INFO [NACOS-PUSH] clientMap size: 0

2019-07-01 17:27:57,750 INFO [NACOS-PUSH] clientMap size: 0

2019-07-01 17:28:17,751 INFO [NACOS-PUSH] clientMap size: 0

2019-07-01 17:28:37,752 INFO [NACOS-PUSH] clientMap size: 0

2019-07-01 17:28:57,753 INFO [NACOS-PUSH] clientMap size: 0

2019-07-01 17:29:17,754 INFO [NACOS-PUSH] clientMap size: 0

2019-07-01 17:29:37,756 INFO [NACOS-PUSH] clientMap size: 0

2019-07-01 17:29:57,756 INFO [NACOS-PUSH] clientMap size: 0

2019-07-01 17:30:17,757 INFO [NACOS-PUSH] clientMap size: 0

2019-07-01 17:30:37,759 INFO [NACOS-PUSH] clientMap size: 0

2019-07-01 17:30:57,760 INFO [NACOS-PUSH] clientMap size: 0

2019-07-01 17:31:17,762 INFO [NACOS-PUSH] clientMap size: 0

2019-07-01 17:31:37,763 INFO [NACOS-PUSH] clientMap size: 0

2019-07-01 17:31:57,764 INFO [NACOS-PUSH] clientMap size: 0

2019-07-01 17:32:17,765 INFO [NACOS-PUSH] clientMap size: 0

2019-07-01 17:32:37,765 INFO [NACOS-PUSH] clientMap size: 0

2019-07-01 17:32:57,765 INFO [NACOS-PUSH] clientMap size: 0

2019-07-01 17:33:17,766 INFO [NACOS-PUSH] clientMap size: 0

2019-07-01 17:33:37,767 INFO [NACOS-PUSH] clientMap size: 0

2019-07-01 17:33:57,767 INFO [NACOS-PUSH] clientMap size: 0

2019-07-01 17:34:17,768 INFO [NACOS-PUSH] clientMap size: 0

2019-07-01 17:34:37,770 INFO [NACOS-PUSH] clientMap size: 0

2019-07-01 17:34:57,771 INFO [NACOS-PUSH] clientMap size: 0

2019-07-01 17:35:17,773 INFO [NACOS-PUSH] clientMap size: 0

2019-07-01 17:35:37,773 INFO [NACOS-PUSH] clientMap size: 0

2019-07-01 17:35:57,775 INFO [NACOS-PUSH] clientMap size: 0

2019-07-01 17:36:17,777 INFO [NACOS-PUSH] clientMap size: 0

2019-07-01 17:36:37,778 INFO [NACOS-PUSH] clientMap size: 0

2019-07-01 17:36:57,780 INFO [NACOS-PUSH] clientMap size: 0

2019-07-01 17:37:17,780 INFO [NACOS-PUSH] clientMap size: 0

2019-07-01 17:37:37,782 INFO [NACOS-PUSH] clientMap size: 0

2019-07-01 17:37:57,784 INFO [NACOS-PUSH] clientMap size: 0

2019-07-01 17:38:17,786 INFO [NACOS-PUSH] clientMap size: 0

2019-07-01 17:38:37,787 INFO [NACOS-PUSH] clientMap size: 0

2019-07-01 17:38:57,788 INFO [NACOS-PUSH] clientMap size: 0

2019-07-01 17:39:17,789 INFO [NACOS-PUSH] clientMap size: 0

2019-07-01 17:39:37,791 INFO [NACOS-PUSH] clientMap size: 0

2019-07-01 17:39:57,793 INFO [NACOS-PUSH] clientMap size: 0

2019-07-01 17:40:17,794 INFO [NACOS-PUSH] clientMap size: 0

2019-07-01 17:40:37,796 INFO [NACOS-PUSH] clientMap size: 0

2019-07-01 17:40:57,798 INFO [NACOS-PUSH] clientMap size: 0

2019-07-01 17:41:17,799 INFO [NACOS-PUSH] clientMap size: 0

2019-07-01 17:41:37,800 INFO [NACOS-PUSH] clientMap size: 0

2019-07-01 17:41:57,802 INFO [NACOS-PUSH] clientMap size: 0

2019-07-01 17:42:17,804 INFO [NACOS-PUSH] clientMap size: 0

2019-07-01 17:42:37,804 INFO [NACOS-PUSH] clientMap size: 0

2019-07-01 17:42:57,806 INFO [NACOS-PUSH] clientMap size: 0

2019-07-01 17:43:17,807 INFO [NACOS-PUSH] clientMap size: 0

2019-07-01 17:43:37,807 INFO [NACOS-PUSH] clientMap size: 0

2019-07-01 17:43:57,809 INFO [NACOS-PUSH] clientMap size: 0

2019-07-01 17:44:17,809 INFO [NACOS-PUSH] clientMap size: 0

2019-07-01 17:44:37,812 INFO [NACOS-PUSH] clientMap size: 0

2019-07-01 17:44:57,813 INFO [NACOS-PUSH] clientMap size: 0

2019-07-01 17:45:17,815 INFO [NACOS-PUSH] clientMap size: 0

2019-07-01 17:45:37,816 INFO [NACOS-PUSH] clientMap size: 0

2019-07-01 17:45:57,819 INFO [NACOS-PUSH] clientMap size: 0

2019-07-01 17:46:17,820 INFO [NACOS-PUSH] clientMap size: 0

2019-07-01 17:46:37,821 INFO [NACOS-PUSH] clientMap size: 0

2019-07-01 17:46:57,823 INFO [NACOS-PUSH] clientMap size: 0

2019-07-01 17:47:17,823 INFO [NACOS-PUSH] clientMap size: 0

2019-07-01 17:47:37,825 INFO [NACOS-PUSH] clientMap size: 0

2019-07-01 17:47:57,827 INFO [NACOS-PUSH] clientMap size: 0

2019-07-01 17:48:17,828 INFO [NACOS-PUSH] clientMap size: 0

2019-07-01 17:48:37,830 INFO [NACOS-PUSH] clientMap size: 0

2019-07-01 17:48:57,831 INFO [NACOS-PUSH] clientMap size: 0

2019-07-01 17:49:17,832 INFO [NACOS-PUSH] clientMap size: 0

2019-07-01 17:49:37,834 INFO [NACOS-PUSH] clientMap size: 0

2019-07-01 17:49:57,835 INFO [NACOS-PUSH] clientMap size: 0

2019-07-01 17:50:17,835 INFO [NACOS-PUSH] clientMap size: 0

2019-07-01 17:50:37,836 INFO [NACOS-PUSH] clientMap size: 0

2019-07-01 17:50:57,836 INFO [NACOS-PUSH] clientMap size: 0

2019-07-01 17:51:17,837 INFO [NACOS-PUSH] clientMap size: 0

2019-07-01 17:51:37,839 INFO [NACOS-PUSH] clientMap size: 0

2019-07-01 17:51:57,840 INFO [NACOS-PUSH] clientMap size: 0

2019-07-01 17:52:17,842 INFO [NACOS-PUSH] clientMap size: 0

2019-07-01 17:52:37,843 INFO [NACOS-PUSH] clientMap size: 0

2019-07-01 17:52:57,844 INFO [NACOS-PUSH] clientMap size: 0

2019-07-01 17:53:17,846 INFO [NACOS-PUSH] clientMap size: 0

2019-07-01 17:53:37,848 INFO [NACOS-PUSH] clientMap size: 0

2019-07-01 17:53:57,849 INFO [NACOS-PUSH] clientMap size: 0

2019-07-01 17:54:17,849 INFO [NACOS-PUSH] clientMap size: 0

2019-07-01 17:54:37,850 INFO [NACOS-PUSH] clientMap size: 0

2019-07-01 17:54:57,852 INFO [NACOS-PUSH] clientMap size: 0

2019-07-01 17:55:17,854 INFO [NACOS-PUSH] clientMap size: 0

2019-07-01 17:55:37,855 INFO [NACOS-PUSH] clientMap size: 0

2019-07-01 17:55:57,856 INFO [NACOS-PUSH] clientMap size: 0

2019-07-01 17:56:17,858 INFO [NACOS-PUSH] clientMap size: 0

2019-07-01 17:56:37,859 INFO [NACOS-PUSH] clientMap size: 0

2019-07-01 17:56:57,861 INFO [NACOS-PUSH] clientMap size: 0

2019-07-01 17:57:17,862 INFO [NACOS-PUSH] clientMap size: 0

2019-07-01 17:57:37,863 INFO [NACOS-PUSH] clientMap size: 0

2019-07-01 17:57:57,865 INFO [NACOS-PUSH] clientMap size: 0

2019-07-01 17:58:17,865 INFO [NACOS-PUSH] clientMap size: 0

2019-07-01 17:58:37,865 INFO [NACOS-PUSH] clientMap size: 0

2019-07-01 17:58:57,871 INFO [NACOS-PUSH] clientMap size: 0

2019-07-01 17:59:17,872 INFO [NACOS-PUSH] clientMap size: 0

2019-07-01 17:59:37,873 INFO [NACOS-PUSH] clientMap size: 0

2019-07-01 17:59:57,875 INFO [NACOS-PUSH] clientMap size: 0

2019-07-01 18:00:17,875 INFO [NACOS-PUSH] clientMap size: 0

2019-07-01 18:00:37,876 INFO [NACOS-PUSH] clientMap size: 0

2019-07-01 18:00:57,877 INFO [NACOS-PUSH] clientMap size: 0

2019-07-01 18:01:17,879 INFO [NACOS-PUSH] clientMap size: 0

2019-07-01 18:01:37,880 INFO [NACOS-PUSH] clientMap size: 0

2019-07-01 18:01:57,882 INFO [NACOS-PUSH] clientMap size: 0

2019-07-01 18:02:17,883 INFO [NACOS-PUSH] clientMap size: 0

2019-07-01 18:02:37,883 INFO [NACOS-PUSH] clientMap size: 0

2019-07-01 18:02:57,884 INFO [NACOS-PUSH] clientMap size: 0

2019-07-01 18:03:17,885 INFO [NACOS-PUSH] clientMap size: 0

2019-07-01 18:03:37,886 INFO [NACOS-PUSH] clientMap size: 0

2019-07-01 18:03:57,887 INFO [NACOS-PUSH] clientMap size: 0

2019-07-01 18:04:17,888 INFO [NACOS-PUSH] clientMap size: 0

2019-07-01 18:04:37,890 INFO [NACOS-PUSH] clientMap size: 0

2019-07-01 18:04:57,891 INFO [NACOS-PUSH] clientMap size: 0

2019-07-01 18:05:17,893 INFO [NACOS-PUSH] clientMap size: 0

2019-07-01 18:05:37,894 INFO [NACOS-PUSH] clientMap size: 0

2019-07-01 18:05:57,896 INFO [NACOS-PUSH] clientMap size: 0

2019-07-01 18:06:17,896 INFO [NACOS-PUSH] clientMap size: 0

2019-07-01 18:06:37,898 INFO [NACOS-PUSH] clientMap size: 0

2019-07-01 18:06:57,899 INFO [NACOS-PUSH] clientMap size: 0

2019-07-01 18:07:17,900 INFO [NACOS-PUSH] clientMap size: 0

2019-07-01 18:07:37,901 INFO [NACOS-PUSH] clientMap size: 0

2019-07-01 18:07:57,903 INFO [NACOS-PUSH] clientMap size: 0

2019-07-01 18:08:17,904 INFO [NACOS-PUSH] clientMap size: 0

2019-07-01 18:08:37,906 INFO [NACOS-PUSH] clientMap size: 0

2019-07-01 18:08:57,908 INFO [NACOS-PUSH] clientMap size: 0

2019-07-01 18:09:17,910 INFO [NACOS-PUSH] clientMap size: 0

2019-07-01 18:09:37,911 INFO [NACOS-PUSH] clientMap size: 0

2019-07-01 18:09:57,913 INFO [NACOS-PUSH] clientMap size: 0

2019-07-01 18:10:17,914 INFO [NACOS-PUSH] clientMap size: 0

2019-07-01 18:10:37,915 INFO [NACOS-PUSH] clientMap size: 0

2019-07-01 18:10:57,915 INFO [NACOS-PUSH] clientMap size: 0

2019-07-01 18:11:17,917 INFO [NACOS-PUSH] clientMap size: 0

2019-07-01 18:11:37,918 INFO [NACOS-PUSH] clientMap size: 0

2019-07-01 18:11:57,918 INFO [NACOS-PUSH] clientMap size: 0

2019-07-01 18:12:17,919 INFO [NACOS-PUSH] clientMap size: 0

2019-07-01 18:12:37,920 INFO [NACOS-PUSH] clientMap size: 0

2019-07-01 18:12:57,921 INFO [NACOS-PUSH] clientMap size: 0

2019-07-01 18:13:17,923 INFO [NACOS-PUSH] clientMap size: 0

2019-07-01 18:13:37,925 INFO [NACOS-PUSH] clientMap size: 0

