2019-06-28 09:37:48,333 INFO initializing Raft sub-system

2019-06-28 09:37:48,337 INFO raft notifier started

2019-06-28 09:37:48,334 INFO finish loading all datums, size: 0 cost 0 ms.

2019-06-28 09:37:48,350 INFO cache loaded, datum count: 0, current term: 0

2019-06-28 09:37:48,350 INFO finish to load data from disk, cost: 16 ms.

2019-06-28 09:37:48,372 INFO timer started: leader timeout ms: 15000, heart-beat timeout ms: 5000

2019-06-28 09:37:48,222 INFO server list is updated, new: 1 servers: [{"adWeight":0,"alive":false,"ip":"10.8.0.158","key":"10.8.0.158:0","lastRefTime":0,"servePort":0,"site":"unknown","weight":1}]

2019-06-28 09:37:48,424 INFO raft peers changed: [{"adWeight":0,"alive":false,"ip":"10.8.0.158","key":"10.8.0.158:0","lastRefTime":0,"lastRefTimeStr":"","servePort":0,"site":"unknown","weight":1}]

2019-06-28 09:37:48,433 INFO add listener: com.alibaba.nacos.naming.domains.meta.

2019-06-28 09:37:50,388 INFO add listener: com.alibaba.nacos.naming.domains.meta.00-00---000-NACOS_SWITCH_DOMAIN-000---00-00

2019-06-28 09:37:53,197 INFO server list is updated, new: 1 servers: [{"adWeight":0,"alive":false,"ip":"10.8.0.158","key":"10.8.0.158:8848","lastRefTime":0,"lastRefTimeStr":"","servePort":8848,"site":"unknown","weight":1}]

2019-06-28 09:37:53,197 INFO server list is updated, dead: 1, servers: [{"adWeight":0,"alive":false,"ip":"10.8.0.158","key":"10.8.0.158:0","lastRefTime":0,"lastRefTimeStr":"","servePort":0,"site":"unknown","weight":1}]

2019-06-28 09:37:53,197 INFO raft peers changed: [{"adWeight":0,"alive":false,"ip":"10.8.0.158","key":"10.8.0.158:8848","lastRefTime":0,"lastRefTimeStr":"","servePort":8848,"site":"unknown","weight":1}]

2019-06-28 09:37:53,197 INFO raft peers changed: [{"adWeight":0,"alive":false,"ip":"10.8.0.158","key":"10.8.0.158:8848","lastRefTime":0,"lastRefTimeStr":"","servePort":8848,"site":"unknown","weight":1}]

2019-06-28 09:37:55,374 INFO leader timeout, start voting,leader: {"heartbeatDueMs":5000,"ip":"10.8.0.158:8848","leaderDueMs":17322,"state":"FOLLOWER","term":0,"voteFor":""}, term: 0

2019-06-28 09:37:59,935 INFO [RAFT] send beat with 0 keys.

2019-06-28 09:37:59,939 INFO raw beat data size: 177, size of compressed data: 145

2019-06-28 09:38:04,948 INFO [RAFT] send beat with 0 keys.

2019-06-28 09:38:04,948 INFO raw beat data size: 177, size of compressed data: 145

2019-06-28 09:38:10,005 INFO [RAFT] send beat with 0 keys.

2019-06-28 09:38:10,005 INFO raw beat data size: 177, size of compressed data: 141

2019-06-28 09:38:15,089 INFO [RAFT] send beat with 0 keys.

2019-06-28 09:38:15,089 INFO raw beat data size: 177, size of compressed data: 147

2019-06-28 09:38:20,242 INFO [RAFT] send beat with 0 keys.

2019-06-28 09:38:20,242 INFO raw beat data size: 177, size of compressed data: 143

2019-06-28 09:38:25,262 INFO [RAFT] send beat with 0 keys.

2019-06-28 09:38:25,262 INFO raw beat data size: 177, size of compressed data: 141

2019-06-28 09:38:30,290 INFO [RAFT] send beat with 0 keys.

2019-06-28 09:38:30,290 INFO raw beat data size: 177, size of compressed data: 139

2019-06-28 09:38:35,305 INFO [RAFT] send beat with 0 keys.

2019-06-28 09:38:35,305 INFO raw beat data size: 177, size of compressed data: 139

2019-06-28 09:38:40,376 INFO [RAFT] send beat with 0 keys.

2019-06-28 09:38:40,376 INFO raw beat data size: 177, size of compressed data: 144

2019-06-28 09:38:45,581 INFO [RAFT] send beat with 0 keys.

2019-06-28 09:38:45,581 INFO raw beat data size: 177, size of compressed data: 138

2019-06-28 09:38:50,649 INFO [RAFT] send beat with 0 keys.

2019-06-28 09:38:50,650 INFO raw beat data size: 177, size of compressed data: 140

2019-06-28 09:38:55,311 INFO add listener: com.alibaba.nacos.naming.iplist.public##DEFAULT_GROUP@@blog-provider

2019-06-28 09:38:55,675 INFO [RAFT] send beat with 0 keys.

2019-06-28 09:38:55,675 INFO raw beat data size: 177, size of compressed data: 141

2019-06-28 09:39:00,682 INFO [RAFT] send beat with 0 keys.

2019-06-28 09:39:00,682 INFO raw beat data size: 177, size of compressed data: 143

2019-06-28 09:39:05,912 INFO [RAFT] send beat with 0 keys.

2019-06-28 09:39:05,913 INFO raw beat data size: 177, size of compressed data: 141

2019-06-28 09:39:11,112 INFO [RAFT] send beat with 0 keys.

2019-06-28 09:39:11,112 INFO raw beat data size: 177, size of compressed data: 143

2019-06-28 09:39:16,391 INFO [RAFT] send beat with 0 keys.

2019-06-28 09:39:16,391 INFO raw beat data size: 177, size of compressed data: 143

2019-06-28 09:39:21,604 INFO [RAFT] send beat with 0 keys.

2019-06-28 09:39:21,606 INFO raw beat data size: 177, size of compressed data: 139

2019-06-28 09:39:26,692 INFO [RAFT] send beat with 0 keys.

2019-06-28 09:39:26,692 INFO raw beat data size: 177, size of compressed data: 148

2019-06-28 09:39:31,704 INFO [RAFT] send beat with 0 keys.

2019-06-28 09:39:31,704 INFO raw beat data size: 177, size of compressed data: 139

2019-06-28 09:39:36,778 INFO [RAFT] send beat with 0 keys.

2019-06-28 09:39:36,779 INFO raw beat data size: 177, size of compressed data: 139

2019-06-28 09:39:36,968 INFO add listener: com.alibaba.nacos.naming.iplist.public##DEFAULT_GROUP@@blog-web

2019-06-28 09:39:41,836 INFO [RAFT] send beat with 0 keys.

2019-06-28 09:39:41,836 INFO raw beat data size: 177, size of compressed data: 139

2019-06-28 09:39:46,851 INFO [RAFT] send beat with 0 keys.

2019-06-28 09:39:46,851 INFO raw beat data size: 177, size of compressed data: 143

2019-06-28 09:39:51,858 INFO [RAFT] send beat with 0 keys.

2019-06-28 09:39:51,858 INFO raw beat data size: 177, size of compressed data: 137

2019-06-28 09:39:56,864 INFO [RAFT] send beat with 0 keys.

2019-06-28 09:39:56,864 INFO raw beat data size: 177, size of compressed data: 143

2019-06-28 09:40:01,873 INFO [RAFT] send beat with 0 keys.

2019-06-28 09:40:01,873 INFO raw beat data size: 177, size of compressed data: 143

2019-06-28 09:40:06,881 INFO [RAFT] send beat with 0 keys.

2019-06-28 09:40:06,881 INFO raw beat data size: 177, size of compressed data: 145

2019-06-28 09:40:11,887 INFO [RAFT] send beat with 0 keys.

2019-06-28 09:40:11,887 INFO raw beat data size: 177, size of compressed data: 141

2019-06-28 09:40:16,894 INFO [RAFT] send beat with 0 keys.

2019-06-28 09:40:16,894 INFO raw beat data size: 177, size of compressed data: 139

2019-06-28 09:40:21,903 INFO [RAFT] send beat with 0 keys.

2019-06-28 09:40:21,903 INFO raw beat data size: 177, size of compressed data: 139

2019-06-28 09:40:26,945 INFO [RAFT] send beat with 0 keys.

2019-06-28 09:40:26,945 INFO raw beat data size: 177, size of compressed data: 139

2019-06-28 09:40:31,954 INFO [RAFT] send beat with 0 keys.

2019-06-28 09:40:31,954 INFO raw beat data size: 177, size of compressed data: 141

2019-06-28 09:40:36,961 INFO [RAFT] send beat with 0 keys.

2019-06-28 09:40:36,961 INFO raw beat data size: 177, size of compressed data: 141

2019-06-28 09:40:42,095 INFO [RAFT] send beat with 0 keys.

2019-06-28 09:40:42,095 INFO raw beat data size: 177, size of compressed data: 142

2019-06-28 09:40:47,107 INFO [RAFT] send beat with 0 keys.

2019-06-28 09:40:47,107 INFO raw beat data size: 177, size of compressed data: 141

2019-06-28 09:40:52,116 INFO [RAFT] send beat with 0 keys.

2019-06-28 09:40:52,116 INFO raw beat data size: 177, size of compressed data: 143

2019-06-28 09:40:57,132 INFO [RAFT] send beat with 0 keys.

2019-06-28 09:40:57,132 INFO raw beat data size: 177, size of compressed data: 141

2019-06-28 09:41:02,141 INFO [RAFT] send beat with 0 keys.

2019-06-28 09:41:02,141 INFO raw beat data size: 177, size of compressed data: 141

2019-06-28 09:41:07,158 INFO [RAFT] send beat with 0 keys.

2019-06-28 09:41:07,159 INFO raw beat data size: 177, size of compressed data: 141

2019-06-28 09:41:12,168 INFO [RAFT] send beat with 0 keys.

2019-06-28 09:41:12,168 INFO raw beat data size: 177, size of compressed data: 142

2019-06-28 09:41:17,177 INFO [RAFT] send beat with 0 keys.

2019-06-28 09:41:17,177 INFO raw beat data size: 177, size of compressed data: 142

2019-06-28 09:41:22,196 INFO [RAFT] send beat with 0 keys.

2019-06-28 09:41:22,196 INFO raw beat data size: 177, size of compressed data: 144

2019-06-28 09:41:27,209 INFO [RAFT] send beat with 0 keys.

2019-06-28 09:41:27,209 INFO raw beat data size: 177, size of compressed data: 139

2019-06-28 09:41:32,221 INFO [RAFT] send beat with 0 keys.

2019-06-28 09:41:32,221 INFO raw beat data size: 177, size of compressed data: 147

2019-06-28 09:41:37,234 INFO [RAFT] send beat with 0 keys.

2019-06-28 09:41:37,234 INFO raw beat data size: 177, size of compressed data: 141

2019-06-28 09:41:42,242 INFO [RAFT] send beat with 0 keys.

2019-06-28 09:41:42,242 INFO raw beat data size: 177, size of compressed data: 140

2019-06-28 09:41:47,256 INFO [RAFT] send beat with 0 keys.

2019-06-28 09:41:47,256 INFO raw beat data size: 177, size of compressed data: 141

2019-06-28 09:41:52,264 INFO [RAFT] send beat with 0 keys.

2019-06-28 09:41:52,264 INFO raw beat data size: 177, size of compressed data: 141

2019-06-28 09:41:57,274 INFO [RAFT] send beat with 0 keys.

2019-06-28 09:41:57,274 INFO raw beat data size: 177, size of compressed data: 142

2019-06-28 09:42:02,284 INFO [RAFT] send beat with 0 keys.

2019-06-28 09:42:02,284 INFO raw beat data size: 177, size of compressed data: 141

2019-06-28 09:42:07,322 INFO [RAFT] send beat with 0 keys.

2019-06-28 09:42:07,322 INFO raw beat data size: 177, size of compressed data: 148

2019-06-28 09:42:12,329 INFO [RAFT] send beat with 0 keys.

2019-06-28 09:42:12,334 INFO raw beat data size: 177, size of compressed data: 141

2019-06-28 09:42:17,341 INFO [RAFT] send beat with 0 keys.

2019-06-28 09:42:17,341 INFO raw beat data size: 177, size of compressed data: 140

2019-06-28 09:42:22,348 INFO [RAFT] send beat with 0 keys.

2019-06-28 09:42:22,348 INFO raw beat data size: 177, size of compressed data: 138

2019-06-28 09:42:27,357 INFO [RAFT] send beat with 0 keys.

2019-06-28 09:42:27,357 INFO raw beat data size: 177, size of compressed data: 138

2019-06-28 09:42:32,363 INFO [RAFT] send beat with 0 keys.

2019-06-28 09:42:32,363 INFO raw beat data size: 177, size of compressed data: 140

2019-06-28 09:42:37,367 INFO [RAFT] send beat with 0 keys.

2019-06-28 09:42:37,367 INFO raw beat data size: 177, size of compressed data: 138

2019-06-28 09:42:42,375 INFO [RAFT] send beat with 0 keys.

2019-06-28 09:42:42,375 INFO raw beat data size: 177, size of compressed data: 139

2019-06-28 09:42:47,382 INFO [RAFT] send beat with 0 keys.

2019-06-28 09:42:47,382 INFO raw beat data size: 177, size of compressed data: 140

2019-06-28 09:42:52,389 INFO [RAFT] send beat with 0 keys.

2019-06-28 09:42:52,389 INFO raw beat data size: 177, size of compressed data: 139

2019-06-28 09:42:57,397 INFO [RAFT] send beat with 0 keys.

2019-06-28 09:42:57,397 INFO raw beat data size: 177, size of compressed data: 140

2019-06-28 09:43:02,410 INFO [RAFT] send beat with 0 keys.

2019-06-28 09:43:02,410 INFO raw beat data size: 177, size of compressed data: 144

2019-06-28 09:43:07,640 INFO [RAFT] send beat with 0 keys.

2019-06-28 09:43:07,640 INFO raw beat data size: 177, size of compressed data: 143

2019-06-28 09:43:12,655 INFO [RAFT] send beat with 0 keys.

2019-06-28 09:43:12,655 INFO raw beat data size: 177, size of compressed data: 144

2019-06-28 09:43:17,662 INFO [RAFT] send beat with 0 keys.

2019-06-28 09:43:17,662 INFO raw beat data size: 177, size of compressed data: 141

2019-06-28 09:43:22,669 INFO [RAFT] send beat with 0 keys.

2019-06-28 09:43:22,669 INFO raw beat data size: 177, size of compressed data: 139

2019-06-28 09:43:27,690 INFO [RAFT] send beat with 0 keys.

2019-06-28 09:43:27,690 INFO raw beat data size: 177, size of compressed data: 141

2019-06-28 09:43:32,700 INFO [RAFT] send beat with 0 keys.

2019-06-28 09:43:32,700 INFO raw beat data size: 177, size of compressed data: 139

2019-06-28 09:43:37,791 INFO [RAFT] send beat with 0 keys.

2019-06-28 09:43:37,791 INFO raw beat data size: 177, size of compressed data: 143

2019-06-28 09:43:42,799 INFO [RAFT] send beat with 0 keys.

2019-06-28 09:43:42,800 INFO raw beat data size: 177, size of compressed data: 139

2019-06-28 09:43:47,842 INFO [RAFT] send beat with 0 keys.

2019-06-28 09:43:47,842 INFO raw beat data size: 177, size of compressed data: 141

2019-06-28 09:43:52,891 INFO [RAFT] send beat with 0 keys.

2019-06-28 09:43:52,891 INFO raw beat data size: 177, size of compressed data: 139

2019-06-28 09:43:57,904 INFO [RAFT] send beat with 0 keys.

2019-06-28 09:43:57,904 INFO raw beat data size: 177, size of compressed data: 140

2019-06-28 09:44:03,037 INFO [RAFT] send beat with 0 keys.

2019-06-28 09:44:03,037 INFO raw beat data size: 177, size of compressed data: 143

2019-06-28 09:44:08,091 INFO [RAFT] send beat with 0 keys.

2019-06-28 09:44:08,091 INFO raw beat data size: 177, size of compressed data: 138

2019-06-28 09:44:13,100 INFO [RAFT] send beat with 0 keys.

2019-06-28 09:44:13,100 INFO raw beat data size: 177, size of compressed data: 145

2019-06-28 09:44:18,226 INFO [RAFT] send beat with 0 keys.

2019-06-28 09:44:18,226 INFO raw beat data size: 177, size of compressed data: 139

2019-06-28 09:44:23,242 INFO [RAFT] send beat with 0 keys.

2019-06-28 09:44:23,242 INFO raw beat data size: 177, size of compressed data: 140

2019-06-28 09:44:28,250 INFO [RAFT] send beat with 0 keys.

2019-06-28 09:44:28,250 INFO raw beat data size: 177, size of compressed data: 142

2019-06-28 09:44:33,285 INFO [RAFT] send beat with 0 keys.

2019-06-28 09:44:33,285 INFO raw beat data size: 177, size of compressed data: 139

2019-06-28 09:44:38,298 INFO [RAFT] send beat with 0 keys.

2019-06-28 09:44:38,298 INFO raw beat data size: 177, size of compressed data: 141

2019-06-28 09:44:43,306 INFO [RAFT] send beat with 0 keys.

2019-06-28 09:44:43,306 INFO raw beat data size: 177, size of compressed data: 140

2019-06-28 09:44:48,313 INFO [RAFT] send beat with 0 keys.

2019-06-28 09:44:48,313 INFO raw beat data size: 177, size of compressed data: 139

2019-06-28 09:44:53,322 INFO [RAFT] send beat with 0 keys.

2019-06-28 09:44:53,322 INFO raw beat data size: 177, size of compressed data: 140

2019-06-28 09:44:58,332 INFO [RAFT] send beat with 0 keys.

2019-06-28 09:44:58,332 INFO raw beat data size: 177, size of compressed data: 141

2019-06-28 09:45:03,337 INFO [RAFT] send beat with 0 keys.

2019-06-28 09:45:03,337 INFO raw beat data size: 177, size of compressed data: 140

2019-06-28 09:45:08,345 INFO [RAFT] send beat with 0 keys.

2019-06-28 09:45:08,345 INFO raw beat data size: 177, size of compressed data: 138

2019-06-28 09:45:13,352 INFO [RAFT] send beat with 0 keys.

2019-06-28 09:45:13,352 INFO raw beat data size: 177, size of compressed data: 141

2019-06-28 09:45:18,358 INFO [RAFT] send beat with 0 keys.

2019-06-28 09:45:18,358 INFO raw beat data size: 177, size of compressed data: 136

2019-06-28 09:45:23,363 INFO [RAFT] send beat with 0 keys.

2019-06-28 09:45:23,363 INFO raw beat data size: 177, size of compressed data: 137

2019-06-28 09:45:28,404 INFO [RAFT] send beat with 0 keys.

2019-06-28 09:45:28,404 INFO raw beat data size: 177, size of compressed data: 139

2019-06-28 09:45:33,440 INFO [RAFT] send beat with 0 keys.

2019-06-28 09:45:33,440 INFO raw beat data size: 177, size of compressed data: 140

2019-06-28 09:45:38,448 INFO [RAFT] send beat with 0 keys.

2019-06-28 09:45:38,448 INFO raw beat data size: 177, size of compressed data: 139

2019-06-28 09:45:43,467 INFO [RAFT] send beat with 0 keys.

2019-06-28 09:45:43,467 INFO raw beat data size: 177, size of compressed data: 141

2019-06-28 09:45:48,475 INFO [RAFT] send beat with 0 keys.

2019-06-28 09:45:48,475 INFO raw beat data size: 177, size of compressed data: 138

2019-06-28 09:45:53,481 INFO [RAFT] send beat with 0 keys.

2019-06-28 09:45:53,481 INFO raw beat data size: 177, size of compressed data: 140

2019-06-28 09:45:58,529 INFO [RAFT] send beat with 0 keys.

2019-06-28 09:45:58,529 INFO raw beat data size: 177, size of compressed data: 141

2019-06-28 09:46:03,535 INFO [RAFT] send beat with 0 keys.

2019-06-28 09:46:03,535 INFO raw beat data size: 177, size of compressed data: 139

2019-06-28 09:46:08,543 INFO [RAFT] send beat with 0 keys.

2019-06-28 09:46:08,543 INFO raw beat data size: 177, size of compressed data: 140

2019-06-28 09:46:13,548 INFO [RAFT] send beat with 0 keys.

2019-06-28 09:46:13,548 INFO raw beat data size: 177, size of compressed data: 143

2019-06-28 09:46:18,660 INFO [RAFT] send beat with 0 keys.

2019-06-28 09:46:18,660 INFO raw beat data size: 177, size of compressed data: 135

2019-06-28 09:46:23,666 INFO [RAFT] send beat with 0 keys.

2019-06-28 09:46:23,666 INFO raw beat data size: 177, size of compressed data: 147

2019-06-28 09:46:28,705 INFO [RAFT] send beat with 0 keys.

2019-06-28 09:46:28,705 INFO raw beat data size: 177, size of compressed data: 137

2019-06-28 09:46:33,715 INFO [RAFT] send beat with 0 keys.

2019-06-28 09:46:33,715 INFO raw beat data size: 177, size of compressed data: 141

2019-06-28 09:46:38,726 INFO [RAFT] send beat with 0 keys.

2019-06-28 09:46:38,726 INFO raw beat data size: 177, size of compressed data: 141

2019-06-28 09:46:43,733 INFO [RAFT] send beat with 0 keys.

2019-06-28 09:46:43,733 INFO raw beat data size: 177, size of compressed data: 142

2019-06-28 09:46:48,743 INFO [RAFT] send beat with 0 keys.

2019-06-28 09:46:48,743 INFO raw beat data size: 177, size of compressed data: 143

2019-06-28 09:46:53,751 INFO [RAFT] send beat with 0 keys.

2019-06-28 09:46:53,751 INFO raw beat data size: 177, size of compressed data: 140

2019-06-28 09:46:58,760 INFO [RAFT] send beat with 0 keys.

2019-06-28 09:46:58,760 INFO raw beat data size: 177, size of compressed data: 141

2019-06-28 09:47:03,872 INFO [RAFT] send beat with 0 keys.

2019-06-28 09:47:03,872 INFO raw beat data size: 177, size of compressed data: 139

2019-06-28 09:47:08,882 INFO [RAFT] send beat with 0 keys.

2019-06-28 09:47:08,882 INFO raw beat data size: 177, size of compressed data: 140

2019-06-28 09:47:13,888 INFO [RAFT] send beat with 0 keys.

2019-06-28 09:47:13,888 INFO raw beat data size: 177, size of compressed data: 140

2019-06-28 09:47:18,894 INFO [RAFT] send beat with 0 keys.

2019-06-28 09:47:18,894 INFO raw beat data size: 177, size of compressed data: 142

2019-06-28 09:47:23,908 INFO [RAFT] send beat with 0 keys.

2019-06-28 09:47:23,908 INFO raw beat data size: 177, size of compressed data: 142

2019-06-28 09:47:28,915 INFO [RAFT] send beat with 0 keys.

2019-06-28 09:47:28,915 INFO raw beat data size: 177, size of compressed data: 138

2019-06-28 09:47:33,922 INFO [RAFT] send beat with 0 keys.

2019-06-28 09:47:33,922 INFO raw beat data size: 177, size of compressed data: 143

2019-06-28 09:47:38,928 INFO [RAFT] send beat with 0 keys.

2019-06-28 09:47:38,928 INFO raw beat data size: 177, size of compressed data: 139

2019-06-28 09:47:43,963 INFO [RAFT] send beat with 0 keys.

2019-06-28 09:47:43,963 INFO raw beat data size: 177, size of compressed data: 140

2019-06-28 09:47:49,006 INFO [RAFT] send beat with 0 keys.

2019-06-28 09:47:49,006 INFO raw beat data size: 177, size of compressed data: 139

2019-06-28 09:47:54,043 INFO [RAFT] send beat with 0 keys.

2019-06-28 09:47:54,043 INFO raw beat data size: 177, size of compressed data: 138

2019-06-28 09:47:59,077 INFO [RAFT] send beat with 0 keys.

2019-06-28 09:47:59,077 INFO raw beat data size: 177, size of compressed data: 142

2019-06-28 09:48:04,236 INFO [RAFT] send beat with 0 keys.

2019-06-28 09:48:04,236 INFO raw beat data size: 177, size of compressed data: 141

2019-06-28 09:48:09,314 INFO [RAFT] send beat with 0 keys.

2019-06-28 09:48:09,314 INFO raw beat data size: 177, size of compressed data: 138

2019-06-28 09:48:14,322 INFO [RAFT] send beat with 0 keys.

2019-06-28 09:48:14,322 INFO raw beat data size: 177, size of compressed data: 138

2019-06-28 09:48:19,329 INFO [RAFT] send beat with 0 keys.

2019-06-28 09:48:19,329 INFO raw beat data size: 177, size of compressed data: 145

2019-06-28 09:48:24,337 INFO [RAFT] send beat with 0 keys.

2019-06-28 09:48:24,337 INFO raw beat data size: 177, size of compressed data: 143

2019-06-28 09:48:29,345 INFO [RAFT] send beat with 0 keys.

2019-06-28 09:48:29,345 INFO raw beat data size: 177, size of compressed data: 141

2019-06-28 09:48:34,352 INFO [RAFT] send beat with 0 keys.

2019-06-28 09:48:34,352 INFO raw beat data size: 177, size of compressed data: 144

2019-06-28 09:48:39,361 INFO [RAFT] send beat with 0 keys.

2019-06-28 09:48:39,361 INFO raw beat data size: 177, size of compressed data: 141

2019-06-28 09:48:44,368 INFO [RAFT] send beat with 0 keys.

2019-06-28 09:48:44,368 INFO raw beat data size: 177, size of compressed data: 140

2019-06-28 09:48:49,379 INFO [RAFT] send beat with 0 keys.

2019-06-28 09:48:49,379 INFO raw beat data size: 177, size of compressed data: 142

2019-06-28 09:48:54,387 INFO [RAFT] send beat with 0 keys.

2019-06-28 09:48:54,387 INFO raw beat data size: 177, size of compressed data: 142

2019-06-28 09:48:59,393 INFO [RAFT] send beat with 0 keys.

2019-06-28 09:48:59,393 INFO raw beat data size: 177, size of compressed data: 144

2019-06-28 09:49:04,400 INFO [RAFT] send beat with 0 keys.

2019-06-28 09:49:04,400 INFO raw beat data size: 177, size of compressed data: 140

2019-06-28 09:49:09,407 INFO [RAFT] send beat with 0 keys.

2019-06-28 09:49:09,407 INFO raw beat data size: 177, size of compressed data: 141

2019-06-28 09:49:14,413 INFO [RAFT] send beat with 0 keys.

2019-06-28 09:49:14,413 INFO raw beat data size: 177, size of compressed data: 142

2019-06-28 09:49:19,419 INFO [RAFT] send beat with 0 keys.

2019-06-28 09:49:19,419 INFO raw beat data size: 177, size of compressed data: 140

2019-06-28 09:49:24,469 INFO [RAFT] send beat with 0 keys.

2019-06-28 09:49:24,469 INFO raw beat data size: 177, size of compressed data: 146

2019-06-28 09:49:29,490 INFO [RAFT] send beat with 0 keys.

2019-06-28 09:49:29,490 INFO raw beat data size: 177, size of compressed data: 141

2019-06-28 09:49:34,509 INFO [RAFT] send beat with 0 keys.

2019-06-28 09:49:34,509 INFO raw beat data size: 177, size of compressed data: 141

2019-06-28 09:49:39,519 INFO [RAFT] send beat with 0 keys.

2019-06-28 09:49:39,519 INFO raw beat data size: 177, size of compressed data: 143

2019-06-28 09:49:44,534 INFO [RAFT] send beat with 0 keys.

2019-06-28 09:49:44,534 INFO raw beat data size: 177, size of compressed data: 139

2019-06-28 09:49:49,545 INFO [RAFT] send beat with 0 keys.

2019-06-28 09:49:49,545 INFO raw beat data size: 177, size of compressed data: 138

2019-06-28 09:49:54,559 INFO [RAFT] send beat with 0 keys.

2019-06-28 09:49:54,559 INFO raw beat data size: 177, size of compressed data: 141

2019-06-28 09:49:59,572 INFO [RAFT] send beat with 0 keys.

2019-06-28 09:49:59,572 INFO raw beat data size: 177, size of compressed data: 138

2019-06-28 09:50:04,587 INFO [RAFT] send beat with 0 keys.

2019-06-28 09:50:04,587 INFO raw beat data size: 177, size of compressed data: 141

2019-06-28 09:50:09,601 INFO [RAFT] send beat with 0 keys.

2019-06-28 09:50:09,601 INFO raw beat data size: 177, size of compressed data: 138

2019-06-28 09:50:14,615 INFO [RAFT] send beat with 0 keys.

2019-06-28 09:50:14,615 INFO raw beat data size: 177, size of compressed data: 141

2019-06-28 09:50:19,630 INFO [RAFT] send beat with 0 keys.

2019-06-28 09:50:19,630 INFO raw beat data size: 177, size of compressed data: 140

2019-06-28 09:50:24,645 INFO [RAFT] send beat with 0 keys.

2019-06-28 09:50:24,645 INFO raw beat data size: 177, size of compressed data: 138

2019-06-28 09:50:29,662 INFO [RAFT] send beat with 0 keys.

2019-06-28 09:50:29,662 INFO raw beat data size: 177, size of compressed data: 139

2019-06-28 09:50:34,677 INFO [RAFT] send beat with 0 keys.

2019-06-28 09:50:34,677 INFO raw beat data size: 177, size of compressed data: 139

2019-06-28 09:50:39,692 INFO [RAFT] send beat with 0 keys.

2019-06-28 09:50:39,692 INFO raw beat data size: 177, size of compressed data: 142

2019-06-28 09:50:44,705 INFO [RAFT] send beat with 0 keys.

2019-06-28 09:50:44,705 INFO raw beat data size: 177, size of compressed data: 140

2019-06-28 09:50:49,717 INFO [RAFT] send beat with 0 keys.

2019-06-28 09:50:49,717 INFO raw beat data size: 177, size of compressed data: 140

2019-06-28 09:50:54,732 INFO [RAFT] send beat with 0 keys.

2019-06-28 09:50:54,732 INFO raw beat data size: 177, size of compressed data: 139

2019-06-28 09:50:59,741 INFO [RAFT] send beat with 0 keys.

2019-06-28 09:50:59,741 INFO raw beat data size: 177, size of compressed data: 137

2019-06-28 09:51:04,869 INFO [RAFT] send beat with 0 keys.

2019-06-28 09:51:04,869 INFO raw beat data size: 177, size of compressed data: 142

2019-06-28 09:51:09,878 INFO [RAFT] send beat with 0 keys.

2019-06-28 09:51:09,878 INFO raw beat data size: 177, size of compressed data: 143

2019-06-28 09:51:14,913 INFO [RAFT] send beat with 0 keys.

2019-06-28 09:51:14,913 INFO raw beat data size: 177, size of compressed data: 140

2019-06-28 09:51:19,977 INFO [RAFT] send beat with 0 keys.

2019-06-28 09:51:19,977 INFO raw beat data size: 177, size of compressed data: 139

2019-06-28 09:51:24,983 INFO [RAFT] send beat with 0 keys.

2019-06-28 09:51:24,983 INFO raw beat data size: 177, size of compressed data: 142

2019-06-28 09:51:29,991 INFO [RAFT] send beat with 0 keys.

2019-06-28 09:51:29,991 INFO raw beat data size: 177, size of compressed data: 137

2019-06-28 09:51:35,002 INFO [RAFT] send beat with 0 keys.

2019-06-28 09:51:35,002 INFO raw beat data size: 177, size of compressed data: 142

2019-06-28 09:51:40,015 INFO [RAFT] send beat with 0 keys.

2019-06-28 09:51:40,015 INFO raw beat data size: 177, size of compressed data: 139

2019-06-28 09:51:45,077 INFO [RAFT] send beat with 0 keys.

2019-06-28 09:51:45,077 INFO raw beat data size: 177, size of compressed data: 142

2019-06-28 09:51:50,091 INFO [RAFT] send beat with 0 keys.

2019-06-28 09:51:50,091 INFO raw beat data size: 177, size of compressed data: 143

2019-06-28 09:51:55,108 INFO [RAFT] send beat with 0 keys.

2019-06-28 09:51:55,108 INFO raw beat data size: 177, size of compressed data: 139

2019-06-28 09:52:00,120 INFO [RAFT] send beat with 0 keys.

2019-06-28 09:52:00,120 INFO raw beat data size: 177, size of compressed data: 142

2019-06-28 09:52:05,135 INFO [RAFT] send beat with 0 keys.

2019-06-28 09:52:05,135 INFO raw beat data size: 177, size of compressed data: 147

2019-06-28 09:52:10,151 INFO [RAFT] send beat with 0 keys.

2019-06-28 09:52:10,151 INFO raw beat data size: 177, size of compressed data: 142

2019-06-28 09:52:15,165 INFO [RAFT] send beat with 0 keys.

2019-06-28 09:52:15,165 INFO raw beat data size: 177, size of compressed data: 141

2019-06-28 09:52:20,181 INFO [RAFT] send beat with 0 keys.

2019-06-28 09:52:20,181 INFO raw beat data size: 177, size of compressed data: 141

2019-06-28 09:52:25,195 INFO [RAFT] send beat with 0 keys.

2019-06-28 09:52:25,195 INFO raw beat data size: 177, size of compressed data: 139

2019-06-28 09:52:30,210 INFO [RAFT] send beat with 0 keys.

2019-06-28 09:52:30,210 INFO raw beat data size: 177, size of compressed data: 143

2019-06-28 09:52:35,222 INFO [RAFT] send beat with 0 keys.

2019-06-28 09:52:35,222 INFO raw beat data size: 177, size of compressed data: 142

2019-06-28 09:52:40,238 INFO [RAFT] send beat with 0 keys.

2019-06-28 09:52:40,238 INFO raw beat data size: 177, size of compressed data: 142

2019-06-28 09:52:45,250 INFO [RAFT] send beat with 0 keys.

2019-06-28 09:52:45,250 INFO raw beat data size: 177, size of compressed data: 140

2019-06-28 09:52:50,259 INFO [RAFT] send beat with 0 keys.

2019-06-28 09:52:50,259 INFO raw beat data size: 177, size of compressed data: 145

2019-06-28 09:52:55,266 INFO [RAFT] send beat with 0 keys.

2019-06-28 09:52:55,266 INFO raw beat data size: 177, size of compressed data: 142

2019-06-28 09:53:00,275 INFO [RAFT] send beat with 0 keys.

2019-06-28 09:53:00,275 INFO raw beat data size: 177, size of compressed data: 140

2019-06-28 09:53:05,282 INFO [RAFT] send beat with 0 keys.

2019-06-28 09:53:05,282 INFO raw beat data size: 177, size of compressed data: 141

2019-06-28 09:53:10,289 INFO [RAFT] send beat with 0 keys.

2019-06-28 09:53:10,289 INFO raw beat data size: 177, size of compressed data: 147

2019-06-28 09:53:15,296 INFO [RAFT] send beat with 0 keys.

2019-06-28 09:53:15,296 INFO raw beat data size: 177, size of compressed data: 141

2019-06-28 09:53:20,303 INFO [RAFT] send beat with 0 keys.

2019-06-28 09:53:20,303 INFO raw beat data size: 177, size of compressed data: 140

2019-06-28 09:53:25,310 INFO [RAFT] send beat with 0 keys.

2019-06-28 09:53:25,310 INFO raw beat data size: 177, size of compressed data: 139

2019-06-28 09:53:30,316 INFO [RAFT] send beat with 0 keys.

2019-06-28 09:53:30,316 INFO raw beat data size: 177, size of compressed data: 143

2019-06-28 09:53:35,330 INFO [RAFT] send beat with 0 keys.

2019-06-28 09:53:35,331 INFO raw beat data size: 177, size of compressed data: 141

2019-06-28 09:53:40,398 INFO [RAFT] send beat with 0 keys.

2019-06-28 09:53:40,398 INFO raw beat data size: 177, size of compressed data: 141

2019-06-28 09:53:45,404 INFO [RAFT] send beat with 0 keys.

2019-06-28 09:53:45,404 INFO raw beat data size: 177, size of compressed data: 141

2019-06-28 09:53:50,412 INFO [RAFT] send beat with 0 keys.

2019-06-28 09:53:50,412 INFO raw beat data size: 177, size of compressed data: 139

2019-06-28 09:53:55,419 INFO [RAFT] send beat with 0 keys.

2019-06-28 09:53:55,419 INFO raw beat data size: 177, size of compressed data: 138

2019-06-28 09:54:00,425 INFO [RAFT] send beat with 0 keys.

2019-06-28 09:54:00,425 INFO raw beat data size: 177, size of compressed data: 148

2019-06-28 09:54:05,432 INFO [RAFT] send beat with 0 keys.

2019-06-28 09:54:05,432 INFO raw beat data size: 177, size of compressed data: 141

2019-06-28 09:54:10,438 INFO [RAFT] send beat with 0 keys.

2019-06-28 09:54:10,438 INFO raw beat data size: 177, size of compressed data: 140

2019-06-28 09:54:15,455 INFO [RAFT] send beat with 0 keys.

2019-06-28 09:54:15,455 INFO raw beat data size: 177, size of compressed data: 139

2019-06-28 09:54:20,461 INFO [RAFT] send beat with 0 keys.

2019-06-28 09:54:20,461 INFO raw beat data size: 177, size of compressed data: 142

2019-06-28 09:54:25,468 INFO [RAFT] send beat with 0 keys.

2019-06-28 09:54:25,468 INFO raw beat data size: 177, size of compressed data: 142

2019-06-28 09:54:30,475 INFO [RAFT] send beat with 0 keys.

2019-06-28 09:54:30,475 INFO raw beat data size: 177, size of compressed data: 139

2019-06-28 09:54:35,482 INFO [RAFT] send beat with 0 keys.

2019-06-28 09:54:35,482 INFO raw beat data size: 177, size of compressed data: 142

2019-06-28 09:54:40,490 INFO [RAFT] send beat with 0 keys.

2019-06-28 09:54:40,490 INFO raw beat data size: 177, size of compressed data: 141

2019-06-28 09:54:45,498 INFO [RAFT] send beat with 0 keys.

2019-06-28 09:54:45,498 INFO raw beat data size: 177, size of compressed data: 140

2019-06-28 09:54:50,514 INFO [RAFT] send beat with 0 keys.

2019-06-28 09:54:50,514 INFO raw beat data size: 177, size of compressed data: 142

2019-06-28 09:54:55,527 INFO [RAFT] send beat with 0 keys.

2019-06-28 09:54:55,527 INFO raw beat data size: 177, size of compressed data: 140

2019-06-28 09:55:00,541 INFO [RAFT] send beat with 0 keys.

2019-06-28 09:55:00,541 INFO raw beat data size: 177, size of compressed data: 139

2019-06-28 09:55:05,556 INFO [RAFT] send beat with 0 keys.

2019-06-28 09:55:05,556 INFO raw beat data size: 177, size of compressed data: 142

2019-06-28 09:55:10,571 INFO [RAFT] send beat with 0 keys.

2019-06-28 09:55:10,571 INFO raw beat data size: 177, size of compressed data: 141

2019-06-28 09:55:15,694 INFO [RAFT] send beat with 0 keys.

2019-06-28 09:55:15,695 INFO raw beat data size: 177, size of compressed data: 140

2019-06-28 09:55:20,721 INFO [RAFT] send beat with 0 keys.

2019-06-28 09:55:20,721 INFO raw beat data size: 177, size of compressed data: 139

2019-06-28 09:55:25,735 INFO [RAFT] send beat with 0 keys.

2019-06-28 09:55:25,735 INFO raw beat data size: 177, size of compressed data: 139

2019-06-28 09:55:30,747 INFO [RAFT] send beat with 0 keys.

2019-06-28 09:55:30,747 INFO raw beat data size: 177, size of compressed data: 141

2019-06-28 09:55:35,757 INFO [RAFT] send beat with 0 keys.

2019-06-28 09:55:35,757 INFO raw beat data size: 177, size of compressed data: 147

2019-06-28 09:55:40,765 INFO [RAFT] send beat with 0 keys.

2019-06-28 09:55:40,765 INFO raw beat data size: 177, size of compressed data: 138

2019-06-28 09:55:45,776 INFO [RAFT] send beat with 0 keys.

2019-06-28 09:55:45,776 INFO raw beat data size: 177, size of compressed data: 139

2019-06-28 09:55:50,784 INFO [RAFT] send beat with 0 keys.

2019-06-28 09:55:50,784 INFO raw beat data size: 177, size of compressed data: 143

2019-06-28 09:55:55,790 INFO [RAFT] send beat with 0 keys.

2019-06-28 09:55:55,790 INFO raw beat data size: 177, size of compressed data: 139

2019-06-28 09:56:00,797 INFO [RAFT] send beat with 0 keys.

2019-06-28 09:56:00,797 INFO raw beat data size: 177, size of compressed data: 141

2019-06-28 09:56:05,804 INFO [RAFT] send beat with 0 keys.

2019-06-28 09:56:05,804 INFO raw beat data size: 177, size of compressed data: 139

2019-06-28 09:56:10,810 INFO [RAFT] send beat with 0 keys.

2019-06-28 09:56:10,810 INFO raw beat data size: 177, size of compressed data: 141

2019-06-28 09:56:15,817 INFO [RAFT] send beat with 0 keys.

2019-06-28 09:56:15,817 INFO raw beat data size: 177, size of compressed data: 147

2019-06-28 09:56:20,823 INFO [RAFT] send beat with 0 keys.

2019-06-28 09:56:20,823 INFO raw beat data size: 177, size of compressed data: 139

2019-06-28 09:56:25,830 INFO [RAFT] send beat with 0 keys.

2019-06-28 09:56:25,830 INFO raw beat data size: 177, size of compressed data: 141

2019-06-28 09:56:30,838 INFO [RAFT] send beat with 0 keys.

2019-06-28 09:56:30,838 INFO raw beat data size: 177, size of compressed data: 146

2019-06-28 09:56:35,845 INFO [RAFT] send beat with 0 keys.

2019-06-28 09:56:35,845 INFO raw beat data size: 177, size of compressed data: 140

2019-06-28 09:56:40,889 INFO [RAFT] send beat with 0 keys.

2019-06-28 09:56:40,889 INFO raw beat data size: 177, size of compressed data: 143

2019-06-28 09:56:45,897 INFO [RAFT] send beat with 0 keys.

2019-06-28 09:56:45,897 INFO raw beat data size: 177, size of compressed data: 139

2019-06-28 09:56:50,937 INFO [RAFT] send beat with 0 keys.

2019-06-28 09:56:50,937 INFO raw beat data size: 177, size of compressed data: 139

2019-06-28 09:56:56,180 INFO [RAFT] send beat with 0 keys.

2019-06-28 09:56:56,180 INFO raw beat data size: 177, size of compressed data: 142

2019-06-28 09:57:01,355 INFO [RAFT] send beat with 0 keys.

2019-06-28 09:57:01,355 INFO raw beat data size: 177, size of compressed data: 140

2019-06-28 09:57:06,363 INFO [RAFT] send beat with 0 keys.

2019-06-28 09:57:06,363 INFO raw beat data size: 177, size of compressed data: 137

2019-06-28 09:57:11,372 INFO [RAFT] send beat with 0 keys.

2019-06-28 09:57:11,372 INFO raw beat data size: 177, size of compressed data: 143

2019-06-28 09:57:16,426 INFO [RAFT] send beat with 0 keys.

2019-06-28 09:57:16,426 INFO raw beat data size: 177, size of compressed data: 139

2019-06-28 09:57:21,434 INFO [RAFT] send beat with 0 keys.

2019-06-28 09:57:21,434 INFO raw beat data size: 177, size of compressed data: 140

2019-06-28 09:57:26,440 INFO [RAFT] send beat with 0 keys.

2019-06-28 09:57:26,440 INFO raw beat data size: 177, size of compressed data: 138

2019-06-28 09:57:31,447 INFO [RAFT] send beat with 0 keys.

2019-06-28 09:57:31,447 INFO raw beat data size: 177, size of compressed data: 146

2019-06-28 09:57:36,454 INFO [RAFT] send beat with 0 keys.

2019-06-28 09:57:36,454 INFO raw beat data size: 177, size of compressed data: 142

2019-06-28 09:57:41,460 INFO [RAFT] send beat with 0 keys.

2019-06-28 09:57:41,460 INFO raw beat data size: 177, size of compressed data: 143

2019-06-28 09:57:46,468 INFO [RAFT] send beat with 0 keys.

2019-06-28 09:57:46,468 INFO raw beat data size: 177, size of compressed data: 142

2019-06-28 09:57:51,475 INFO [RAFT] send beat with 0 keys.

2019-06-28 09:57:51,475 INFO raw beat data size: 177, size of compressed data: 140

2019-06-28 09:57:56,484 INFO [RAFT] send beat with 0 keys.

2019-06-28 09:57:56,484 INFO raw beat data size: 177, size of compressed data: 147

2019-06-28 09:58:01,492 INFO [RAFT] send beat with 0 keys.

2019-06-28 09:58:01,492 INFO raw beat data size: 177, size of compressed data: 142

2019-06-28 09:58:06,504 INFO [RAFT] send beat with 0 keys.

2019-06-28 09:58:06,504 INFO raw beat data size: 177, size of compressed data: 141

2019-06-28 09:58:11,514 INFO [RAFT] send beat with 0 keys.

2019-06-28 09:58:11,514 INFO raw beat data size: 177, size of compressed data: 144

2019-06-28 09:58:16,527 INFO [RAFT] send beat with 0 keys.

2019-06-28 09:58:16,527 INFO raw beat data size: 177, size of compressed data: 148

2019-06-28 09:58:21,540 INFO [RAFT] send beat with 0 keys.

2019-06-28 09:58:21,540 INFO raw beat data size: 177, size of compressed data: 142

2019-06-28 09:58:26,552 INFO [RAFT] send beat with 0 keys.

2019-06-28 09:58:26,552 INFO raw beat data size: 177, size of compressed data: 140

2019-06-28 09:58:31,567 INFO [RAFT] send beat with 0 keys.

2019-06-28 09:58:31,567 INFO raw beat data size: 177, size of compressed data: 141

2019-06-28 09:58:36,582 INFO [RAFT] send beat with 0 keys.

2019-06-28 09:58:36,582 INFO raw beat data size: 177, size of compressed data: 139

2019-06-28 09:58:41,596 INFO [RAFT] send beat with 0 keys.

2019-06-28 09:58:41,596 INFO raw beat data size: 177, size of compressed data: 142

2019-06-28 09:58:46,809 INFO [RAFT] send beat with 0 keys.

2019-06-28 09:58:46,809 INFO raw beat data size: 177, size of compressed data: 141

2019-06-28 09:58:52,265 INFO [RAFT] send beat with 0 keys.

2019-06-28 09:58:52,265 INFO raw beat data size: 177, size of compressed data: 147

2019-06-28 09:58:57,272 INFO [RAFT] send beat with 0 keys.

2019-06-28 09:58:57,272 INFO raw beat data size: 177, size of compressed data: 141

2019-06-28 09:59:02,281 INFO [RAFT] send beat with 0 keys.

2019-06-28 09:59:02,281 INFO raw beat data size: 177, size of compressed data: 140

2019-06-28 09:59:07,287 INFO [RAFT] send beat with 0 keys.

2019-06-28 09:59:07,287 INFO raw beat data size: 177, size of compressed data: 140

2019-06-28 09:59:12,296 INFO [RAFT] send beat with 0 keys.

2019-06-28 09:59:12,296 INFO raw beat data size: 177, size of compressed data: 139

2019-06-28 09:59:17,392 INFO [RAFT] send beat with 0 keys.

2019-06-28 09:59:17,393 INFO raw beat data size: 177, size of compressed data: 143

2019-06-28 09:59:22,611 INFO [RAFT] send beat with 0 keys.

2019-06-28 09:59:22,611 INFO raw beat data size: 177, size of compressed data: 145

2019-06-28 09:59:27,623 INFO [RAFT] send beat with 0 keys.

2019-06-28 09:59:27,623 INFO raw beat data size: 177, size of compressed data: 142

2019-06-28 09:59:32,638 INFO [RAFT] send beat with 0 keys.

2019-06-28 09:59:32,638 INFO raw beat data size: 177, size of compressed data: 142

2019-06-28 09:59:37,655 INFO [RAFT] send beat with 0 keys.

2019-06-28 09:59:37,655 INFO raw beat data size: 177, size of compressed data: 142

2019-06-28 09:59:42,669 INFO [RAFT] send beat with 0 keys.

2019-06-28 09:59:42,669 INFO raw beat data size: 177, size of compressed data: 140

2019-06-28 09:59:47,685 INFO [RAFT] send beat with 0 keys.

2019-06-28 09:59:47,685 INFO raw beat data size: 177, size of compressed data: 141

2019-06-28 09:59:52,701 INFO [RAFT] send beat with 0 keys.

2019-06-28 09:59:52,701 INFO raw beat data size: 177, size of compressed data: 143

2019-06-28 09:59:57,713 INFO [RAFT] send beat with 0 keys.

2019-06-28 09:59:57,713 INFO raw beat data size: 177, size of compressed data: 143

2019-06-28 10:00:02,725 INFO [RAFT] send beat with 0 keys.

2019-06-28 10:00:02,725 INFO raw beat data size: 177, size of compressed data: 140

2019-06-28 10:00:07,756 INFO [RAFT] send beat with 0 keys.

2019-06-28 10:00:07,756 INFO raw beat data size: 177, size of compressed data: 140

2019-06-28 10:00:12,763 INFO [RAFT] send beat with 0 keys.

2019-06-28 10:00:12,763 INFO raw beat data size: 177, size of compressed data: 138

2019-06-28 10:00:17,771 INFO [RAFT] send beat with 0 keys.

2019-06-28 10:00:17,771 INFO raw beat data size: 177, size of compressed data: 142

2019-06-28 10:00:22,781 INFO [RAFT] send beat with 0 keys.

2019-06-28 10:00:22,781 INFO raw beat data size: 177, size of compressed data: 140

2019-06-28 10:00:27,789 INFO [RAFT] send beat with 0 keys.

2019-06-28 10:00:27,789 INFO raw beat data size: 177, size of compressed data: 142

2019-06-28 10:00:32,796 INFO [RAFT] send beat with 0 keys.

2019-06-28 10:00:32,796 INFO raw beat data size: 177, size of compressed data: 140

2019-06-28 10:00:37,803 INFO [RAFT] send beat with 0 keys.

2019-06-28 10:00:37,803 INFO raw beat data size: 177, size of compressed data: 140

2019-06-28 10:00:42,810 INFO [RAFT] send beat with 0 keys.

2019-06-28 10:00:42,810 INFO raw beat data size: 177, size of compressed data: 140

2019-06-28 10:00:47,818 INFO [RAFT] send beat with 0 keys.

2019-06-28 10:00:47,818 INFO raw beat data size: 177, size of compressed data: 143

2019-06-28 10:00:52,825 INFO [RAFT] send beat with 0 keys.

2019-06-28 10:00:52,825 INFO raw beat data size: 177, size of compressed data: 140

2019-06-28 10:00:57,831 INFO [RAFT] send beat with 0 keys.

2019-06-28 10:00:57,831 INFO raw beat data size: 177, size of compressed data: 143

2019-06-28 10:01:02,840 INFO [RAFT] send beat with 0 keys.

2019-06-28 10:01:02,840 INFO raw beat data size: 177, size of compressed data: 143

2019-06-28 10:01:07,848 INFO [RAFT] send beat with 0 keys.

2019-06-28 10:01:07,848 INFO raw beat data size: 177, size of compressed data: 139

2019-06-28 10:01:12,854 INFO [RAFT] send beat with 0 keys.

2019-06-28 10:01:12,854 INFO raw beat data size: 177, size of compressed data: 142

2019-06-28 10:01:17,861 INFO [RAFT] send beat with 0 keys.

2019-06-28 10:01:17,861 INFO raw beat data size: 177, size of compressed data: 140

2019-06-28 10:01:22,866 INFO [RAFT] send beat with 0 keys.

2019-06-28 10:01:22,866 INFO raw beat data size: 177, size of compressed data: 138

2019-06-28 10:01:27,879 INFO [RAFT] send beat with 0 keys.

2019-06-28 10:01:27,879 INFO raw beat data size: 177, size of compressed data: 142

2019-06-28 10:01:32,886 INFO [RAFT] send beat with 0 keys.

2019-06-28 10:01:32,886 INFO raw beat data size: 177, size of compressed data: 139

2019-06-28 10:01:37,894 INFO [RAFT] send beat with 0 keys.

2019-06-28 10:01:37,894 INFO raw beat data size: 177, size of compressed data: 140

2019-06-28 10:01:42,900 INFO [RAFT] send beat with 0 keys.

2019-06-28 10:01:42,900 INFO raw beat data size: 177, size of compressed data: 142

2019-06-28 10:01:47,911 INFO [RAFT] send beat with 0 keys.

2019-06-28 10:01:47,911 INFO raw beat data size: 177, size of compressed data: 137

2019-06-28 10:01:52,918 INFO [RAFT] send beat with 0 keys.

2019-06-28 10:01:52,918 INFO raw beat data size: 177, size of compressed data: 143

2019-06-28 10:01:57,927 INFO [RAFT] send beat with 0 keys.

2019-06-28 10:01:57,927 INFO raw beat data size: 177, size of compressed data: 139

2019-06-28 10:02:02,934 INFO [RAFT] send beat with 0 keys.

2019-06-28 10:02:02,934 INFO raw beat data size: 177, size of compressed data: 142

2019-06-28 10:02:07,941 INFO [RAFT] send beat with 0 keys.

2019-06-28 10:02:07,941 INFO raw beat data size: 177, size of compressed data: 142

2019-06-28 10:02:12,949 INFO [RAFT] send beat with 0 keys.

2019-06-28 10:02:12,949 INFO raw beat data size: 177, size of compressed data: 143

2019-06-28 10:02:17,956 INFO [RAFT] send beat with 0 keys.

2019-06-28 10:02:17,956 INFO raw beat data size: 177, size of compressed data: 146

2019-06-28 10:02:22,963 INFO [RAFT] send beat with 0 keys.

2019-06-28 10:02:22,963 INFO raw beat data size: 177, size of compressed data: 139

2019-06-28 10:02:27,971 INFO [RAFT] send beat with 0 keys.

2019-06-28 10:02:27,971 INFO raw beat data size: 177, size of compressed data: 142

2019-06-28 10:02:33,004 INFO [RAFT] send beat with 0 keys.

2019-06-28 10:02:33,004 INFO raw beat data size: 177, size of compressed data: 139

2019-06-28 10:02:38,016 INFO [RAFT] send beat with 0 keys.

2019-06-28 10:02:38,016 INFO raw beat data size: 177, size of compressed data: 138

2019-06-28 10:02:43,028 INFO [RAFT] send beat with 0 keys.

2019-06-28 10:02:43,028 INFO raw beat data size: 177, size of compressed data: 141

2019-06-28 10:02:48,038 INFO [RAFT] send beat with 0 keys.

2019-06-28 10:02:48,038 INFO raw beat data size: 177, size of compressed data: 138

2019-06-28 10:02:53,051 INFO [RAFT] send beat with 0 keys.

2019-06-28 10:02:53,051 INFO raw beat data size: 177, size of compressed data: 141

2019-06-28 10:02:58,064 INFO [RAFT] send beat with 0 keys.

2019-06-28 10:02:58,066 INFO raw beat data size: 177, size of compressed data: 142

2019-06-28 10:03:03,076 INFO [RAFT] send beat with 0 keys.

2019-06-28 10:03:03,076 INFO raw beat data size: 177, size of compressed data: 140

2019-06-28 10:03:08,088 INFO [RAFT] send beat with 0 keys.

2019-06-28 10:03:08,088 INFO raw beat data size: 177, size of compressed data: 138

2019-06-28 10:03:13,101 INFO [RAFT] send beat with 0 keys.

2019-06-28 10:03:13,101 INFO raw beat data size: 177, size of compressed data: 138

2019-06-28 10:03:18,116 INFO [RAFT] send beat with 0 keys.

2019-06-28 10:03:18,116 INFO raw beat data size: 177, size of compressed data: 142

2019-06-28 10:03:23,133 INFO [RAFT] send beat with 0 keys.

2019-06-28 10:03:23,133 INFO raw beat data size: 177, size of compressed data: 147

2019-06-28 10:03:28,147 INFO [RAFT] send beat with 0 keys.

2019-06-28 10:03:28,147 INFO raw beat data size: 177, size of compressed data: 139

2019-06-28 10:03:33,162 INFO [RAFT] send beat with 0 keys.

2019-06-28 10:03:33,162 INFO raw beat data size: 177, size of compressed data: 142

2019-06-28 10:03:38,173 INFO [RAFT] send beat with 0 keys.

2019-06-28 10:03:38,173 INFO raw beat data size: 177, size of compressed data: 143

2019-06-28 10:03:43,187 INFO [RAFT] send beat with 0 keys.

2019-06-28 10:03:43,187 INFO raw beat data size: 177, size of compressed data: 142

2019-06-28 10:03:48,202 INFO [RAFT] send beat with 0 keys.

2019-06-28 10:03:48,202 INFO raw beat data size: 177, size of compressed data: 139

2019-06-28 10:03:53,216 INFO [RAFT] send beat with 0 keys.

2019-06-28 10:03:53,216 INFO raw beat data size: 177, size of compressed data: 142

2019-06-28 10:03:58,231 INFO [RAFT] send beat with 0 keys.

2019-06-28 10:03:58,231 INFO raw beat data size: 177, size of compressed data: 140

2019-06-28 10:04:03,246 INFO [RAFT] send beat with 0 keys.

2019-06-28 10:04:03,246 INFO raw beat data size: 177, size of compressed data: 138

2019-06-28 10:04:08,255 INFO [RAFT] send beat with 0 keys.

2019-06-28 10:04:08,255 INFO raw beat data size: 177, size of compressed data: 141

2019-06-28 10:04:13,265 INFO [RAFT] send beat with 0 keys.

2019-06-28 10:04:13,265 INFO raw beat data size: 177, size of compressed data: 139

2019-06-28 10:04:18,274 INFO [RAFT] send beat with 0 keys.

2019-06-28 10:04:18,274 INFO raw beat data size: 177, size of compressed data: 140

2019-06-28 10:04:23,282 INFO [RAFT] send beat with 0 keys.

2019-06-28 10:04:23,282 INFO raw beat data size: 177, size of compressed data: 139

2019-06-28 10:04:28,290 INFO [RAFT] send beat with 0 keys.

2019-06-28 10:04:28,290 INFO raw beat data size: 177, size of compressed data: 141

2019-06-28 10:04:33,296 INFO [RAFT] send beat with 0 keys.

2019-06-28 10:04:33,296 INFO raw beat data size: 177, size of compressed data: 143

2019-06-28 10:04:38,304 INFO [RAFT] send beat with 0 keys.

2019-06-28 10:04:38,304 INFO raw beat data size: 177, size of compressed data: 141

2019-06-28 10:04:43,311 INFO [RAFT] send beat with 0 keys.

2019-06-28 10:04:43,311 INFO raw beat data size: 177, size of compressed data: 139

2019-06-28 10:04:48,317 INFO [RAFT] send beat with 0 keys.

2019-06-28 10:04:48,317 INFO raw beat data size: 177, size of compressed data: 143

2019-06-28 10:04:53,324 INFO [RAFT] send beat with 0 keys.

2019-06-28 10:04:53,324 INFO raw beat data size: 177, size of compressed data: 143

2019-06-28 10:04:58,440 INFO [RAFT] send beat with 0 keys.

2019-06-28 10:04:58,440 INFO raw beat data size: 177, size of compressed data: 141

2019-06-28 10:05:03,448 INFO [RAFT] send beat with 0 keys.

2019-06-28 10:05:03,448 INFO raw beat data size: 177, size of compressed data: 140

2019-06-28 10:05:08,542 INFO [RAFT] send beat with 0 keys.

2019-06-28 10:05:08,543 INFO raw beat data size: 177, size of compressed data: 142

2019-06-28 10:05:13,556 INFO [RAFT] send beat with 0 keys.

2019-06-28 10:05:13,556 INFO raw beat data size: 177, size of compressed data: 139

2019-06-28 10:05:18,570 INFO [RAFT] send beat with 0 keys.

2019-06-28 10:05:18,570 INFO raw beat data size: 177, size of compressed data: 139

2019-06-28 10:05:23,584 INFO [RAFT] send beat with 0 keys.

2019-06-28 10:05:23,584 INFO raw beat data size: 177, size of compressed data: 141

2019-06-28 10:05:28,601 INFO [RAFT] send beat with 0 keys.

2019-06-28 10:05:28,601 INFO raw beat data size: 177, size of compressed data: 139

2019-06-28 10:05:33,616 INFO [RAFT] send beat with 0 keys.

2019-06-28 10:05:33,616 INFO raw beat data size: 177, size of compressed data: 141

2019-06-28 10:05:38,664 INFO [RAFT] send beat with 0 keys.

2019-06-28 10:05:38,664 INFO raw beat data size: 177, size of compressed data: 142

