2019-06-23 15:57:14,982 INFO PERFORMANCE:|0|0|-1|-1

2019-06-23 16:02:14,984 INFO PERFORMANCE:|0|0|-1|-1

2019-06-23 16:07:14,985 INFO PERFORMANCE:|0|0|-1|-1

2019-06-23 16:12:14,986 INFO PERFORMANCE:|0|0|-1|-1

2019-06-23 16:17:14,987 INFO PERFORMANCE:|0|0|-1|-1

2019-06-23 16:22:14,988 INFO PERFORMANCE:|0|0|-1|-1

2019-06-23 16:27:14,989 INFO PERFORMANCE:|0|0|-1|-1

2019-06-23 16:32:14,989 INFO PERFORMANCE:|0|0|-1|-1

2019-06-23 16:37:14,991 INFO PERFORMANCE:|0|0|-1|-1

2019-06-23 16:42:14,993 INFO PERFORMANCE:|0|0|-1|-1

2019-06-23 16:47:14,994 INFO PERFORMANCE:|0|0|-1|-1

2019-06-23 16:52:14,995 INFO PERFORMANCE:|0|0|-1|-1

2019-06-23 16:57:14,997 INFO PERFORMANCE:|0|0|-1|-1

2019-06-23 17:02:14,998 INFO PERFORMANCE:|0|0|-1|-1

2019-06-23 17:07:14,998 INFO PERFORMANCE:|0|0|-1|-1

2019-06-23 17:12:14,998 INFO PERFORMANCE:|0|0|-1|-1

2019-06-23 17:17:15,000 INFO PERFORMANCE:|0|0|-1|-1

2019-06-23 17:22:15,001 INFO PERFORMANCE:|0|0|-1|-1

2019-06-23 17:27:15,002 INFO PERFORMANCE:|0|0|-1|-1

2019-06-23 17:32:15,002 INFO PERFORMANCE:|0|0|-1|-1

2019-06-23 17:37:15,003 INFO PERFORMANCE:|0|0|-1|-1

2019-06-23 17:42:15,003 INFO PERFORMANCE:|0|0|-1|-1

2019-06-23 17:47:15,004 INFO PERFORMANCE:|0|0|-1|-1

2019-06-23 17:52:15,005 INFO PERFORMANCE:|0|0|-1|-1

2019-06-23 17:57:15,005 INFO PERFORMANCE:|0|0|-1|-1

2019-06-23 18:02:15,005 INFO PERFORMANCE:|0|0|-1|-1

2019-06-23 20:55:42,681 INFO PERFORMANCE:|1|0|-1|-1

2019-06-23 21:00:42,682 INFO PERFORMANCE:|1|1|-1|-1

2019-06-23 21:05:42,683 INFO PERFORMANCE:|1|1|-1|-1

2019-06-23 21:10:42,683 INFO PERFORMANCE:|1|1|-1|-1

2019-06-23 21:15:42,685 INFO PERFORMANCE:|1|1|-1|-1

2019-06-23 21:20:42,686 INFO PERFORMANCE:|1|1|-1|-1

2019-06-23 21:25:42,688 INFO PERFORMANCE:|1|1|-1|-1

2019-06-23 21:30:42,688 INFO PERFORMANCE:|1|1|-1|-1

2019-06-23 21:35:42,688 INFO PERFORMANCE:|1|1|-1|-1

2019-06-23 21:40:42,689 INFO PERFORMANCE:|1|1|-1|-1

2019-06-23 21:45:42,691 INFO PERFORMANCE:|1|1|-1|-1

